<?xml version="1.0" encoding="UTF-8"?>
<coverage generated="1555391882483" clover="3.2.0">
  <project timestamp="1555391882483" name="All files">
    <metrics statements="235" coveredstatements="215" conditionals="183" coveredconditionals="148" methods="65" coveredmethods="65" elements="483" coveredelements="428" complexity="0" loc="235" ncloc="235" packages="10" files="22" classes="22">
      <package name="breadcrumb.src">
        <metrics statements="7" coveredstatements="7" conditionals="3" coveredconditionals="2" methods="4" coveredmethods="4"/>
        <file name="BreadcrumbContainer.js" path="/home/travis/build/zendeskgarden/react-containers/packages/breadcrumb/src/BreadcrumbContainer.js">
          <metrics statements="2" coveredstatements="2" conditionals="1" coveredconditionals="1" methods="1" coveredmethods="1"/>
          <line num="13" count="2" type="stmt"/>
          <line num="16" count="2" type="stmt"/>
        </file>
        <file name="useBreadcrumb.js" path="/home/travis/build/zendeskgarden/react-containers/packages/breadcrumb/src/useBreadcrumb.js">
          <metrics statements="5" coveredstatements="5" conditionals="2" coveredconditionals="1" methods="3" coveredmethods="3"/>
          <line num="9" count="2" type="cond" truecount="1" falsecount="1"/>
          <line num="10" count="2" type="stmt"/>
          <line num="17" count="2" type="stmt"/>
          <line num="18" count="2" type="stmt"/>
          <line num="24" count="2" type="stmt"/>
        </file>
      </package>
      <package name="buttongroup.src">
        <metrics statements="10" coveredstatements="10" conditionals="6" coveredconditionals="4" methods="6" coveredmethods="6"/>
        <file name="ButtonGroupContainer.js" path="/home/travis/build/zendeskgarden/react-containers/packages/buttongroup/src/ButtonGroupContainer.js">
          <metrics statements="2" coveredstatements="2" conditionals="1" coveredconditionals="1" methods="1" coveredmethods="1"/>
          <line num="13" count="6" type="stmt"/>
          <line num="16" count="2" type="stmt"/>
        </file>
        <file name="useButtonGroup.js" path="/home/travis/build/zendeskgarden/react-containers/packages/buttongroup/src/useButtonGroup.js">
          <metrics statements="8" coveredstatements="8" conditionals="5" coveredconditionals="3" methods="5" coveredmethods="5"/>
          <line num="11" count="6" type="stmt"/>
          <line num="13" count="6" type="cond" truecount="1" falsecount="1"/>
          <line num="14" count="6" type="stmt"/>
          <line num="20" count="6" type="cond" truecount="0" falsecount="1"/>
          <line num="26" count="18" type="stmt"/>
          <line num="34" count="6" type="stmt"/>
          <line num="37" count="6" type="stmt"/>
          <line num="38" count="18" type="stmt"/>
        </file>
      </package>
      <package name="field.src">
        <metrics statements="13" coveredstatements="13" conditionals="14" coveredconditionals="10" methods="5" coveredmethods="5"/>
        <file name="FieldContainer.js" path="/home/travis/build/zendeskgarden/react-containers/packages/field/src/FieldContainer.js">
          <metrics statements="2" coveredstatements="2" conditionals="1" coveredconditionals="1" methods="1" coveredmethods="1"/>
          <line num="13" count="5" type="stmt"/>
          <line num="16" count="2" type="stmt"/>
        </file>
        <file name="useField.js" path="/home/travis/build/zendeskgarden/react-containers/packages/field/src/useField.js">
          <metrics statements="11" coveredstatements="11" conditionals="13" coveredconditionals="9" methods="4" coveredmethods="4"/>
          <line num="12" count="5" type="cond" truecount="1" falsecount="1"/>
          <line num="13" count="5" type="stmt"/>
          <line num="14" count="5" type="stmt"/>
          <line num="15" count="5" type="stmt"/>
          <line num="17" count="5" type="cond" truecount="2" falsecount="1"/>
          <line num="18" count="4" type="stmt"/>
          <line num="25" count="5" type="cond" truecount="3" falsecount="1"/>
          <line num="26" count="5" type="stmt"/>
          <line num="34" count="5" type="cond" truecount="1" falsecount="1"/>
          <line num="35" count="4" type="stmt"/>
          <line num="41" count="5" type="stmt"/>
        </file>
      </package>
      <package name="field.src.utils">
        <metrics statements="3" coveredstatements="3" conditionals="1" coveredconditionals="1" methods="2" coveredmethods="2"/>
        <file name="IdManager.js" path="/home/travis/build/zendeskgarden/react-containers/packages/field/src/utils/IdManager.js">
          <metrics statements="3" coveredstatements="3" conditionals="1" coveredconditionals="1" methods="2" coveredmethods="2"/>
          <line num="8" count="3" type="stmt"/>
          <line num="16" count="3" type="stmt"/>
          <line num="24" count="4" type="stmt"/>
        </file>
      </package>
      <package name="focusjail.src">
        <metrics statements="35" coveredstatements="35" conditionals="31" coveredconditionals="26" methods="9" coveredmethods="9"/>
        <file name="FocusJailContainer.js" path="/home/travis/build/zendeskgarden/react-containers/packages/focusjail/src/FocusJailContainer.js">
          <metrics statements="2" coveredstatements="2" conditionals="1" coveredconditionals="1" methods="1" coveredmethods="1"/>
          <line num="13" count="14" type="stmt"/>
          <line num="16" count="2" type="stmt"/>
        </file>
        <file name="useFocusJail.js" path="/home/travis/build/zendeskgarden/react-containers/packages/focusjail/src/useFocusJail.js">
          <metrics statements="33" coveredstatements="33" conditionals="30" coveredconditionals="25" methods="8" coveredmethods="8"/>
          <line num="14" count="14" type="stmt"/>
          <line num="16" count="14" type="stmt"/>
          <line num="20" count="17" type="cond" truecount="2" falsecount="0"/>
          <line num="21" count="14" type="stmt"/>
          <line num="23" count="3" type="cond" truecount="2" falsecount="0"/>
          <line num="29" count="14" type="stmt"/>
          <line num="30" count="18" type="cond" truecount="2" falsecount="0"/>
          <line num="31" count="1" type="stmt"/>
          <line num="37" count="14" type="stmt"/>
          <line num="38" count="8" type="cond" truecount="1" falsecount="1"/>
          <line num="39" count="8" type="stmt"/>
          <line num="40" count="8" type="stmt"/>
          <line num="42" count="8" type="cond" truecount="1" falsecount="1"/>
          <line num="45" count="14" type="stmt"/>
          <line num="46" count="4" type="stmt"/>
          <line num="48" count="4" type="stmt"/>
          <line num="54" count="14" type="cond" truecount="0" falsecount="1"/>
          <line num="55" count="14" type="stmt"/>
          <line num="57" count="5" type="cond" truecount="2" falsecount="0"/>
          <line num="58" count="1" type="stmt"/>
          <line num="61" count="4" type="stmt"/>
          <line num="63" count="4" type="stmt"/>
          <line num="65" count="4" type="cond" truecount="2" falsecount="0"/>
          <line num="69" count="1" type="stmt"/>
          <line num="70" count="1" type="stmt"/>
          <line num="73" count="4" type="cond" truecount="4" falsecount="0"/>
          <line num="74" count="3" type="stmt"/>
          <line num="75" count="3" type="stmt"/>
          <line num="82" count="14" type="stmt"/>
          <line num="84" count="14" type="cond" truecount="2" falsecount="0"/>
          <line num="85" count="13" type="stmt"/>
          <line num="88" count="14" type="stmt"/>
          <line num="93" count="14" type="stmt"/>
        </file>
      </package>
      <package name="keyboardfocus.src">
        <metrics statements="14" coveredstatements="14" conditionals="5" coveredconditionals="3" methods="6" coveredmethods="6"/>
        <file name="KeyboardFocusContainer.js" path="/home/travis/build/zendeskgarden/react-containers/packages/keyboardfocus/src/KeyboardFocusContainer.js">
          <metrics statements="2" coveredstatements="2" conditionals="1" coveredconditionals="1" methods="1" coveredmethods="1"/>
          <line num="13" count="9" type="stmt"/>
          <line num="17" count="2" type="stmt"/>
        </file>
        <file name="useKeyboardFocus.js" path="/home/travis/build/zendeskgarden/react-containers/packages/keyboardfocus/src/useKeyboardFocus.js">
          <metrics statements="12" coveredstatements="12" conditionals="4" coveredconditionals="2" methods="5" coveredmethods="5"/>
          <line num="13" count="9" type="stmt"/>
          <line num="14" count="9" type="stmt"/>
          <line num="16" count="9" type="stmt"/>
          <line num="17" count="4" type="stmt"/>
          <line num="20" count="9" type="stmt"/>
          <line num="21" count="2" type="cond" truecount="1" falsecount="1"/>
          <line num="22" count="2" type="stmt"/>
          <line num="26" count="9" type="stmt"/>
          <line num="27" count="1" type="stmt"/>
          <line num="30" count="9" type="cond" truecount="1" falsecount="1"/>
          <line num="31" count="9" type="stmt"/>
          <line num="42" count="9" type="stmt"/>
        </file>
      </package>
      <package name="pagination.src">
        <metrics statements="19" coveredstatements="19" conditionals="18" coveredconditionals="14" methods="10" coveredmethods="10"/>
        <file name="PaginationContainer.js" path="/home/travis/build/zendeskgarden/react-containers/packages/pagination/src/PaginationContainer.js">
          <metrics statements="2" coveredstatements="2" conditionals="1" coveredconditionals="1" methods="1" coveredmethods="1"/>
          <line num="13" count="32" type="stmt"/>
          <line num="16" count="2" type="stmt"/>
        </file>
        <file name="usePagination.js" path="/home/travis/build/zendeskgarden/react-containers/packages/pagination/src/usePagination.js">
          <metrics statements="17" coveredstatements="17" conditionals="17" coveredconditionals="13" methods="9" coveredmethods="9"/>
          <line num="16" count="32" type="stmt"/>
          <line num="18" count="32" type="cond" truecount="1" falsecount="1"/>
          <line num="19" count="17" type="stmt"/>
          <line num="26" count="32" type="cond" truecount="0" falsecount="1"/>
          <line num="27" count="21" type="stmt"/>
          <line num="33" count="32" type="cond" truecount="0" falsecount="1"/>
          <line num="34" count="21" type="stmt"/>
          <line num="40" count="32" type="cond" truecount="0" falsecount="1"/>
          <line num="41" count="85" type="stmt"/>
          <line num="43" count="85" type="cond" truecount="4" falsecount="0"/>
          <line num="44" count="1" type="stmt"/>
          <line num="47" count="85" type="stmt"/>
          <line num="54" count="32" type="stmt"/>
          <line num="57" count="17" type="stmt"/>
          <line num="58" count="85" type="stmt"/>
          <line num="59" count="21" type="stmt"/>
          <line num="60" count="21" type="stmt"/>
        </file>
      </package>
      <package name="schedule.src">
        <metrics statements="22" coveredstatements="22" conditionals="7" coveredconditionals="6" methods="8" coveredmethods="8"/>
        <file name="ScheduleContainer.js" path="/home/travis/build/zendeskgarden/react-containers/packages/schedule/src/ScheduleContainer.js">
          <metrics statements="2" coveredstatements="2" conditionals="1" coveredconditionals="1" methods="1" coveredmethods="1"/>
          <line num="13" count="10" type="stmt"/>
          <line num="16" count="2" type="stmt"/>
        </file>
        <file name="useSchedule.js" path="/home/travis/build/zendeskgarden/react-containers/packages/schedule/src/useSchedule.js">
          <metrics statements="20" coveredstatements="20" conditionals="6" coveredconditionals="5" methods="7" coveredmethods="7"/>
          <line num="11" count="10" type="stmt"/>
          <line num="13" count="10" type="stmt"/>
          <line num="19" count="8" type="stmt"/>
          <line num="21" count="128" type="stmt"/>
          <line num="24" count="8" type="stmt"/>
          <line num="25" count="120" type="stmt"/>
          <line num="26" count="120" type="stmt"/>
          <line num="29" count="8" type="stmt"/>
          <line num="30" count="8" type="stmt"/>
          <line num="31" count="3" type="stmt"/>
          <line num="32" count="3" type="stmt"/>
          <line num="33" count="3" type="cond" truecount="2" falsecount="0"/>
          <line num="37" count="8" type="stmt"/>
          <line num="38" count="8" type="stmt"/>
          <line num="41" count="8" type="stmt"/>
          <line num="43" count="8" type="stmt"/>
          <line num="44" count="1" type="stmt"/>
          <line num="45" count="1" type="stmt"/>
          <line num="46" count="1" type="stmt"/>
          <line num="52" count="10" type="stmt"/>
        </file>
      </package>
      <package name="selection.src">
        <metrics statements="101" coveredstatements="81" conditionals="92" coveredconditionals="76" methods="11" coveredmethods="11"/>
        <file name="SelectionContainer.js" path="/home/travis/build/zendeskgarden/react-containers/packages/selection/src/SelectionContainer.js">
          <metrics statements="2" coveredstatements="2" conditionals="1" coveredconditionals="1" methods="1" coveredmethods="1"/>
          <line num="14" count="96" type="stmt"/>
          <line num="18" count="10" type="stmt"/>
        </file>
        <file name="useSelection.js" path="/home/travis/build/zendeskgarden/react-containers/packages/selection/src/useSelection.js">
          <metrics statements="99" coveredstatements="79" conditionals="91" coveredconditionals="75" methods="10" coveredmethods="10"/>
          <line num="17" count="75" type="stmt"/>
          <line num="18" count="75" type="stmt"/>
          <line num="20" count="75" type="cond" truecount="2" falsecount="0"/>
          <line num="24" count="75" type="cond" truecount="8" falsecount="1"/>
          <line num="26" count="24" type="cond" truecount="1" falsecount="1"/>
          <line num="27" count="0" type="stmt"/>
          <line num="29" count="0" type="stmt"/>
          <line num="32" count="24" type="stmt"/>
          <line num="35" count="6" type="stmt"/>
          <line num="37" count="6" type="cond" truecount="1" falsecount="1"/>
          <line num="38" count="0" type="stmt"/>
          <line num="40" count="0" type="stmt"/>
          <line num="43" count="6" type="stmt"/>
          <line num="47" count="6" type="stmt"/>
          <line num="49" count="6" type="cond" truecount="1" falsecount="1"/>
          <line num="50" count="0" type="stmt"/>
          <line num="52" count="0" type="stmt"/>
          <line num="55" count="6" type="stmt"/>
          <line num="58" count="1" type="cond" truecount="1" falsecount="1"/>
          <line num="59" count="0" type="stmt"/>
          <line num="61" count="0" type="stmt"/>
          <line num="64" count="1" type="stmt"/>
          <line num="67" count="1" type="cond" truecount="1" falsecount="1"/>
          <line num="68" count="0" type="stmt"/>
          <line num="70" count="0" type="stmt"/>
          <line num="73" count="1" type="stmt"/>
          <line num="76" count="34" type="stmt"/>
          <line num="77" count="34" type="stmt"/>
          <line num="79" count="34" type="cond" truecount="1" falsecount="1"/>
          <line num="80" count="0" type="stmt"/>
          <line num="81" count="0" type="stmt"/>
          <line num="84" count="34" type="cond" truecount="1" falsecount="1"/>
          <line num="85" count="0" type="stmt"/>
          <line num="86" count="0" type="stmt"/>
          <line num="89" count="34" type="cond" truecount="2" falsecount="2"/>
          <line num="90" count="0" type="stmt"/>
          <line num="93" count="34" type="stmt"/>
          <line num="95" count="34" type="cond" truecount="1" falsecount="1"/>
          <line num="96" count="34" type="stmt"/>
          <line num="99" count="34" type="cond" truecount="1" falsecount="1"/>
          <line num="100" count="34" type="stmt"/>
          <line num="103" count="34" type="stmt"/>
          <line num="106" count="2" type="cond" truecount="1" falsecount="1"/>
          <line num="107" count="0" type="stmt"/>
          <line num="109" count="0" type="stmt"/>
          <line num="112" count="2" type="stmt"/>
          <line num="115" count="1" type="cond" truecount="1" falsecount="1"/>
          <line num="116" count="0" type="stmt"/>
          <line num="118" count="0" type="stmt"/>
          <line num="121" count="1" type="stmt"/>
          <line num="124" count="0" type="stmt"/>
          <line num="142" count="134" type="stmt"/>
          <line num="143" count="134" type="stmt"/>
          <line num="145" count="134" type="stmt"/>
          <line num="147" count="75" type="stmt"/>
          <line num="151" count="134" type="stmt"/>
          <line num="152" count="134" type="stmt"/>
          <line num="154" count="134" type="stmt"/>
          <line num="156" count="115" type="cond" truecount="2" falsecount="0"/>
          <line num="157" count="28" type="stmt"/>
          <line num="159" count="28" type="cond" truecount="2" falsecount="0"/>
          <line num="165" count="134" type="cond" truecount="2" falsecount="0"/>
          <line num="170" count="134" type="cond" truecount="1" falsecount="0"/>
          <line num="180" count="423" type="cond" truecount="2" falsecount="0"/>
          <line num="181" count="8" type="stmt"/>
          <line num="184" count="415" type="cond" truecount="2" falsecount="0"/>
          <line num="185" count="8" type="stmt"/>
          <line num="190" count="407" type="stmt"/>
          <line num="191" count="407" type="stmt"/>
          <line num="193" count="407" type="stmt"/>
          <line num="195" count="407" type="cond" truecount="2" falsecount="0"/>
          <line num="197" count="407" type="cond" truecount="6" falsecount="0"/>
          <line num="203" count="407" type="cond" truecount="2" falsecount="0"/>
          <line num="205" count="407" type="cond" truecount="2" falsecount="0"/>
          <line num="207" count="407" type="stmt"/>
          <line num="212" count="12" type="stmt"/>
          <line num="215" count="1" type="cond" truecount="1" falsecount="1"/>
          <line num="216" count="1" type="stmt"/>
          <line num="220" count="17" type="stmt"/>
          <line num="223" count="20" type="cond" truecount="2" falsecount="0"/>
          <line num="227" count="6" type="cond" truecount="2" falsecount="0"/>
          <line num="228" count="2" type="stmt"/>
          <line num="230" count="4" type="stmt"/>
          <line num="233" count="6" type="stmt"/>
          <line num="234" count="14" type="cond" truecount="2" falsecount="0"/>
          <line num="238" count="6" type="cond" truecount="2" falsecount="0"/>
          <line num="239" count="2" type="stmt"/>
          <line num="241" count="4" type="stmt"/>
          <line num="244" count="6" type="stmt"/>
          <line num="245" count="8" type="cond" truecount="2" falsecount="0"/>
          <line num="246" count="1" type="stmt"/>
          <line num="247" count="1" type="stmt"/>
          <line num="248" count="7" type="cond" truecount="2" falsecount="0"/>
          <line num="249" count="1" type="stmt"/>
          <line num="250" count="1" type="stmt"/>
          <line num="251" count="6" type="cond" truecount="4" falsecount="0"/>
          <line num="252" count="2" type="stmt"/>
          <line num="257" count="2" type="stmt"/>
          <line num="264" count="134" type="stmt"/>
        </file>
      </package>
      <package name="selection.src.utils">
        <metrics statements="11" coveredstatements="11" conditionals="6" coveredconditionals="6" methods="4" coveredmethods="4"/>
        <file name="ACTIONS.js" path="/home/travis/build/zendeskgarden/react-containers/packages/selection/src/utils/ACTIONS.js">
          <metrics statements="1" coveredstatements="1" conditionals="0" coveredconditionals="0" methods="0" coveredmethods="0"/>
          <line num="8" count="10" type="stmt"/>
        </file>
        <file name="DIRECTIONS.js" path="/home/travis/build/zendeskgarden/react-containers/packages/selection/src/utils/DIRECTIONS.js">
          <metrics statements="1" coveredstatements="1" conditionals="0" coveredconditionals="0" methods="0" coveredmethods="0"/>
          <line num="8" count="10" type="stmt"/>
        </file>
        <file name="KEY_CODES.js" path="/home/travis/build/zendeskgarden/react-containers/packages/selection/src/utils/KEY_CODES.js">
          <metrics statements="1" coveredstatements="1" conditionals="0" coveredconditionals="0" methods="0" coveredmethods="0"/>
          <line num="14" count="10" type="stmt"/>
        </file>
        <file name="composeEventHandlers.js" path="/home/travis/build/zendeskgarden/react-containers/packages/selection/src/utils/composeEventHandlers.js">
          <metrics statements="4" coveredstatements="4" conditionals="4" coveredconditionals="4" methods="3" coveredmethods="3"/>
          <line num="25" count="1282" type="stmt"/>
          <line num="26" count="63" type="stmt"/>
          <line num="27" count="125" type="cond" truecount="2" falsecount="0"/>
          <line num="29" count="125" type="cond" truecount="2" falsecount="0"/>
        </file>
        <file name="getControlledValue.js" path="/home/travis/build/zendeskgarden/react-containers/packages/selection/src/utils/getControlledValue.js">
          <metrics statements="4" coveredstatements="4" conditionals="2" coveredconditionals="2" methods="1" coveredmethods="1"/>
          <line num="12" count="420" type="stmt"/>
          <line num="13" count="840" type="cond" truecount="2" falsecount="0"/>
          <line num="14" count="72" type="stmt"/>
          <line num="18" count="348" type="stmt"/>
        </file>
      </package>
    </metrics>
  </project>
</coverage>
