{"/home/travis/build/zendeskgarden/react-containers/packages/breadcrumb/src/BreadcrumbContainer.js": {"path":"/home/travis/build/zendeskgarden/react-containers/packages/breadcrumb/src/BreadcrumbContainer.js","statementMap":{"0":{"start":{"line":13,"column":2},"end":{"line":13,"column":38}},"1":{"start":{"line":16,"column":0},"end":{"line":19,"column":2}}},"fnMap":{"0":{"name":"BreadcrumbContainer","decl":{"start":{"line":12,"column":24},"end":{"line":12,"column":43}},"loc":{"start":{"line":12,"column":87},"end":{"line":14,"column":1}},"line":12}},"branchMap":{"0":{"loc":{"start":{"line":12,"column":56},"end":{"line":12,"column":73}},"type":"default-arg","locations":[{"start":{"line":12,"column":65},"end":{"line":12,"column":73}}],"line":12}},"s":{"0":2,"1":2},"f":{"0":2},"b":{"0":[2]},"_coverageSchema":"332fd63041d2c1bcb487cc26dd0d5f7d97098a6c","hash":"44cc6922989e7ce9a05c53770dd9a1eb1174b21f"}
,"/home/travis/build/zendeskgarden/react-containers/packages/breadcrumb/src/useBreadcrumb.js": {"path":"/home/travis/build/zendeskgarden/react-containers/packages/breadcrumb/src/useBreadcrumb.js","statementMap":{"0":{"start":{"line":9,"column":28},"end":{"line":15,"column":3}},"1":{"start":{"line":10,"column":4},"end":{"line":14,"column":6}},"2":{"start":{"line":17,"column":30},"end":{"line":22,"column":3}},"3":{"start":{"line":18,"column":4},"end":{"line":21,"column":6}},"4":{"start":{"line":24,"column":2},"end":{"line":27,"column":4}}},"fnMap":{"0":{"name":"useBreadcrumb","decl":{"start":{"line":8,"column":24},"end":{"line":8,"column":37}},"loc":{"start":{"line":8,"column":40},"end":{"line":28,"column":1}},"line":8},"1":{"name":"(anonymous_1)","decl":{"start":{"line":9,"column":28},"end":{"line":9,"column":29}},"loc":{"start":{"line":9,"column":72},"end":{"line":15,"column":3}},"line":9},"2":{"name":"(anonymous_2)","decl":{"start":{"line":17,"column":30},"end":{"line":17,"column":31}},"loc":{"start":{"line":17,"column":39},"end":{"line":22,"column":3}},"line":17}},"branchMap":{"0":{"loc":{"start":{"line":9,"column":29},"end":{"line":9,"column":67}},"type":"default-arg","locations":[{"start":{"line":9,"column":65},"end":{"line":9,"column":67}}],"line":9},"1":{"loc":{"start":{"line":9,"column":31},"end":{"line":9,"column":50}},"type":"default-arg","locations":[{"start":{"line":9,"column":38},"end":{"line":9,"column":50}}],"line":9}},"s":{"0":2,"1":2,"2":2,"3":2,"4":2},"f":{"0":2,"1":2,"2":2},"b":{"0":[0],"1":[2]},"_coverageSchema":"332fd63041d2c1bcb487cc26dd0d5f7d97098a6c","hash":"e233465334825edb6097af1e4f33bdfb8fd12799"}
,"/home/travis/build/zendeskgarden/react-containers/packages/buttongroup/src/ButtonGroupContainer.js": {"path":"/home/travis/build/zendeskgarden/react-containers/packages/buttongroup/src/ButtonGroupContainer.js","statementMap":{"0":{"start":{"line":13,"column":2},"end":{"line":13,"column":41}},"1":{"start":{"line":16,"column":0},"end":{"line":23,"column":2}}},"fnMap":{"0":{"name":"ButtonGroupContainer","decl":{"start":{"line":12,"column":16},"end":{"line":12,"column":36}},"loc":{"start":{"line":12,"column":82},"end":{"line":14,"column":1}},"line":12}},"branchMap":{"0":{"loc":{"start":{"line":12,"column":49},"end":{"line":12,"column":66}},"type":"default-arg","locations":[{"start":{"line":12,"column":58},"end":{"line":12,"column":66}}],"line":12}},"s":{"0":6,"1":2},"f":{"0":6},"b":{"0":[6]},"_coverageSchema":"332fd63041d2c1bcb487cc26dd0d5f7d97098a6c","hash":"497f13efc220f80f52edbee6d7430e78cf34143a"}
,"/home/travis/build/zendeskgarden/react-containers/packages/buttongroup/src/useButtonGroup.js": {"path":"/home/travis/build/zendeskgarden/react-containers/packages/buttongroup/src/useButtonGroup.js","statementMap":{"0":{"start":{"line":11,"column":73},"end":{"line":11,"column":94}},"1":{"start":{"line":13,"column":24},"end":{"line":18,"column":3}},"2":{"start":{"line":14,"column":4},"end":{"line":17,"column":6}},"3":{"start":{"line":20,"column":25},"end":{"line":32,"column":3}},"4":{"start":{"line":26,"column":4},"end":{"line":31,"column":6}},"5":{"start":{"line":34,"column":2},"end":{"line":39,"column":4}},"6":{"start":{"line":37,"column":28},"end":{"line":37,"column":67}},"7":{"start":{"line":38,"column":29},"end":{"line":38,"column":64}}},"fnMap":{"0":{"name":"useButtonGroup","decl":{"start":{"line":10,"column":16},"end":{"line":10,"column":30}},"loc":{"start":{"line":10,"column":40},"end":{"line":40,"column":1}},"line":10},"1":{"name":"(anonymous_1)","decl":{"start":{"line":13,"column":24},"end":{"line":13,"column":25}},"loc":{"start":{"line":13,"column":63},"end":{"line":18,"column":3}},"line":13},"2":{"name":"(anonymous_2)","decl":{"start":{"line":20,"column":25},"end":{"line":20,"column":26}},"loc":{"start":{"line":25,"column":13},"end":{"line":32,"column":3}},"line":25},"3":{"name":"(anonymous_3)","decl":{"start":{"line":37,"column":19},"end":{"line":37,"column":20}},"loc":{"start":{"line":37,"column":28},"end":{"line":37,"column":67}},"line":37},"4":{"name":"(anonymous_4)","decl":{"start":{"line":38,"column":20},"end":{"line":38,"column":21}},"loc":{"start":{"line":38,"column":29},"end":{"line":38,"column":64}},"line":38}},"branchMap":{"0":{"loc":{"start":{"line":13,"column":25},"end":{"line":13,"column":58}},"type":"default-arg","locations":[{"start":{"line":13,"column":56},"end":{"line":13,"column":58}}],"line":13},"1":{"loc":{"start":{"line":13,"column":27},"end":{"line":13,"column":41}},"type":"default-arg","locations":[{"start":{"line":13,"column":34},"end":{"line":13,"column":41}}],"line":13},"2":{"loc":{"start":{"line":20,"column":26},"end":{"line":25,"column":8}},"type":"default-arg","locations":[{"start":{"line":25,"column":6},"end":{"line":25,"column":8}}],"line":20},"3":{"loc":{"start":{"line":21,"column":4},"end":{"line":21,"column":19}},"type":"default-arg","locations":[{"start":{"line":21,"column":11},"end":{"line":21,"column":19}}],"line":21},"4":{"loc":{"start":{"line":23,"column":4},"end":{"line":23,"column":36}},"type":"default-arg","locations":[{"start":{"line":23,"column":22},"end":{"line":23,"column":36}}],"line":23}},"s":{"0":6,"1":6,"2":6,"3":6,"4":18,"5":6,"6":6,"7":18},"f":{"0":6,"1":6,"2":18,"3":6,"4":18},"b":{"0":[0],"1":[6],"2":[0],"3":[18],"4":[18]},"_coverageSchema":"332fd63041d2c1bcb487cc26dd0d5f7d97098a6c","hash":"1411d0e89ccf52b62636f2a4711d0c909e62771d"}
,"/home/travis/build/zendeskgarden/react-containers/packages/field/src/FieldContainer.js": {"path":"/home/travis/build/zendeskgarden/react-containers/packages/field/src/FieldContainer.js","statementMap":{"0":{"start":{"line":13,"column":2},"end":{"line":13,"column":30}},"1":{"start":{"line":16,"column":0},"end":{"line":20,"column":2}}},"fnMap":{"0":{"name":"FieldContainer","decl":{"start":{"line":12,"column":16},"end":{"line":12,"column":30}},"loc":{"start":{"line":12,"column":68},"end":{"line":14,"column":1}},"line":12}},"branchMap":{"0":{"loc":{"start":{"line":12,"column":43},"end":{"line":12,"column":60}},"type":"default-arg","locations":[{"start":{"line":12,"column":52},"end":{"line":12,"column":60}}],"line":12}},"s":{"0":5,"1":2},"f":{"0":5},"b":{"0":[5]},"_coverageSchema":"332fd63041d2c1bcb487cc26dd0d5f7d97098a6c","hash":"93acafecfecdc8d866a733efc6aa038a5a342933"}
,"/home/travis/build/zendeskgarden/react-containers/packages/field/src/useField.js": {"path":"/home/travis/build/zendeskgarden/react-containers/packages/field/src/useField.js","statementMap":{"0":{"start":{"line":12,"column":19},"end":{"line":12,"column":77}},"1":{"start":{"line":13,"column":18},"end":{"line":13,"column":36}},"2":{"start":{"line":14,"column":18},"end":{"line":14,"column":36}},"3":{"start":{"line":15,"column":17},"end":{"line":15,"column":34}},"4":{"start":{"line":17,"column":24},"end":{"line":23,"column":3}},"5":{"start":{"line":18,"column":4},"end":{"line":22,"column":6}},"6":{"start":{"line":25,"column":24},"end":{"line":32,"column":3}},"7":{"start":{"line":26,"column":4},"end":{"line":31,"column":6}},"8":{"start":{"line":34,"column":23},"end":{"line":39,"column":3}},"9":{"start":{"line":35,"column":4},"end":{"line":38,"column":6}},"10":{"start":{"line":41,"column":2},"end":{"line":45,"column":4}}},"fnMap":{"0":{"name":"useField","decl":{"start":{"line":11,"column":16},"end":{"line":11,"column":24}},"loc":{"start":{"line":11,"column":35},"end":{"line":46,"column":1}},"line":11},"1":{"name":"(anonymous_1)","decl":{"start":{"line":17,"column":24},"end":{"line":17,"column":25}},"loc":{"start":{"line":17,"column":80},"end":{"line":23,"column":3}},"line":17},"2":{"name":"(anonymous_2)","decl":{"start":{"line":25,"column":24},"end":{"line":25,"column":25}},"loc":{"start":{"line":25,"column":91},"end":{"line":32,"column":3}},"line":25},"3":{"name":"(anonymous_3)","decl":{"start":{"line":34,"column":23},"end":{"line":34,"column":24}},"loc":{"start":{"line":34,"column":59},"end":{"line":39,"column":3}},"line":34}},"branchMap":{"0":{"loc":{"start":{"line":12,"column":28},"end":{"line":12,"column":76}},"type":"binary-expr","locations":[{"start":{"line":12,"column":28},"end":{"line":12,"column":36}},{"start":{"line":12,"column":40},"end":{"line":12,"column":76}}],"line":12},"1":{"loc":{"start":{"line":17,"column":25},"end":{"line":17,"column":75}},"type":"default-arg","locations":[{"start":{"line":17,"column":73},"end":{"line":17,"column":75}}],"line":17},"2":{"loc":{"start":{"line":17,"column":27},"end":{"line":17,"column":39}},"type":"default-arg","locations":[{"start":{"line":17,"column":32},"end":{"line":17,"column":39}}],"line":17},"3":{"loc":{"start":{"line":17,"column":41},"end":{"line":17,"column":58}},"type":"default-arg","locations":[{"start":{"line":17,"column":51},"end":{"line":17,"column":58}}],"line":17},"4":{"loc":{"start":{"line":25,"column":25},"end":{"line":25,"column":56}},"type":"default-arg","locations":[{"start":{"line":25,"column":54},"end":{"line":25,"column":56}}],"line":25},"5":{"loc":{"start":{"line":25,"column":27},"end":{"line":25,"column":39}},"type":"default-arg","locations":[{"start":{"line":25,"column":32},"end":{"line":25,"column":39}}],"line":25},"6":{"loc":{"start":{"line":25,"column":58},"end":{"line":25,"column":86}},"type":"default-arg","locations":[{"start":{"line":25,"column":84},"end":{"line":25,"column":86}}],"line":25},"7":{"loc":{"start":{"line":25,"column":60},"end":{"line":25,"column":79}},"type":"default-arg","locations":[{"start":{"line":25,"column":74},"end":{"line":25,"column":79}}],"line":25},"8":{"loc":{"start":{"line":29,"column":26},"end":{"line":29,"column":53}},"type":"cond-expr","locations":[{"start":{"line":29,"column":40},"end":{"line":29,"column":46}},{"start":{"line":29,"column":49},"end":{"line":29,"column":53}}],"line":29},"9":{"loc":{"start":{"line":34,"column":24},"end":{"line":34,"column":54}},"type":"default-arg","locations":[{"start":{"line":34,"column":52},"end":{"line":34,"column":54}}],"line":34},"10":{"loc":{"start":{"line":34,"column":26},"end":{"line":34,"column":37}},"type":"default-arg","locations":[{"start":{"line":34,"column":31},"end":{"line":34,"column":37}}],"line":34}},"s":{"0":5,"1":5,"2":5,"3":5,"4":5,"5":4,"6":5,"7":5,"8":5,"9":4,"10":5},"f":{"0":5,"1":4,"2":5,"3":4},"b":{"0":[5,0],"1":[0],"2":[4],"3":[4],"4":[0],"5":[5],"6":[4],"7":[4],"8":[1,4],"9":[0],"10":[4]},"_coverageSchema":"332fd63041d2c1bcb487cc26dd0d5f7d97098a6c","hash":"1162b4c59e7c6acb25b277a5abb81bac8fa0549e"}
,"/home/travis/build/zendeskgarden/react-containers/packages/field/src/utils/IdManager.js": {"path":"/home/travis/build/zendeskgarden/react-containers/packages/field/src/utils/IdManager.js","statementMap":{"0":{"start":{"line":8,"column":16},"end":{"line":8,"column":17}},"1":{"start":{"line":16,"column":2},"end":{"line":16,"column":36}},"2":{"start":{"line":24,"column":2},"end":{"line":24,"column":18}}},"fnMap":{"0":{"name":"generateId","decl":{"start":{"line":15,"column":16},"end":{"line":15,"column":26}},"loc":{"start":{"line":15,"column":46},"end":{"line":17,"column":1}},"line":15},"1":{"name":"setIdCounter","decl":{"start":{"line":23,"column":16},"end":{"line":23,"column":28}},"loc":{"start":{"line":23,"column":34},"end":{"line":25,"column":1}},"line":23}},"branchMap":{"0":{"loc":{"start":{"line":15,"column":27},"end":{"line":15,"column":44}},"type":"default-arg","locations":[{"start":{"line":15,"column":36},"end":{"line":15,"column":44}}],"line":15}},"s":{"0":3,"1":3,"2":4},"f":{"0":3,"1":4},"b":{"0":[2]},"_coverageSchema":"332fd63041d2c1bcb487cc26dd0d5f7d97098a6c","hash":"2d53649b9b024f913b43e35de7fccff148c26a89"}
,"/home/travis/build/zendeskgarden/react-containers/packages/focusjail/src/FocusJailContainer.js": {"path":"/home/travis/build/zendeskgarden/react-containers/packages/focusjail/src/FocusJailContainer.js","statementMap":{"0":{"start":{"line":13,"column":2},"end":{"line":13,"column":39}},"1":{"start":{"line":16,"column":0},"end":{"line":21,"column":2}}},"fnMap":{"0":{"name":"FocusJailContainer","decl":{"start":{"line":12,"column":16},"end":{"line":12,"column":34}},"loc":{"start":{"line":12,"column":80},"end":{"line":14,"column":1}},"line":12}},"branchMap":{"0":{"loc":{"start":{"line":12,"column":47},"end":{"line":12,"column":64}},"type":"default-arg","locations":[{"start":{"line":12,"column":56},"end":{"line":12,"column":64}}],"line":12}},"s":{"0":14,"1":2},"f":{"0":14},"b":{"0":[14]},"_coverageSchema":"332fd63041d2c1bcb487cc26dd0d5f7d97098a6c","hash":"82735c64fe9a34c5681986929c7be175f6914aaa"}
,"/home/travis/build/zendeskgarden/react-containers/packages/focusjail/src/useFocusJail.js": {"path":"/home/travis/build/zendeskgarden/react-containers/packages/focusjail/src/useFocusJail.js","statementMap":{"0":{"start":{"line":14,"column":23},"end":{"line":14,"column":35}},"1":{"start":{"line":16,"column":23},"end":{"line":27,"column":3}},"2":{"start":{"line":20,"column":6},"end":{"line":24,"column":7}},"3":{"start":{"line":21,"column":8},"end":{"line":21,"column":27}},"4":{"start":{"line":23,"column":8},"end":{"line":23,"column":35}},"5":{"start":{"line":29,"column":31},"end":{"line":35,"column":3}},"6":{"start":{"line":30,"column":4},"end":{"line":34,"column":5}},"7":{"start":{"line":31,"column":6},"end":{"line":33,"column":8}},"8":{"start":{"line":37,"column":30},"end":{"line":43,"column":3}},"9":{"start":{"line":38,"column":16},"end":{"line":38,"column":52}},"10":{"start":{"line":39,"column":23},"end":{"line":39,"column":41}},"11":{"start":{"line":40,"column":26},"end":{"line":40,"column":46}},"12":{"start":{"line":42,"column":4},"end":{"line":42,"column":75}},"13":{"start":{"line":45,"column":27},"end":{"line":52,"column":3}},"14":{"start":{"line":46,"column":21},"end":{"line":46,"column":51}},"15":{"start":{"line":48,"column":4},"end":{"line":51,"column":6}},"16":{"start":{"line":54,"column":28},"end":{"line":80,"column":3}},"17":{"start":{"line":55,"column":4},"end":{"line":79,"column":6}},"18":{"start":{"line":57,"column":8},"end":{"line":59,"column":9}},"19":{"start":{"line":58,"column":10},"end":{"line":58,"column":17}},"20":{"start":{"line":61,"column":8},"end":{"line":61,"column":31}},"21":{"start":{"line":63,"column":30},"end":{"line":63,"column":48}},"22":{"start":{"line":65,"column":8},"end":{"line":71,"column":9}},"23":{"start":{"line":69,"column":10},"end":{"line":69,"column":47}},"24":{"start":{"line":70,"column":10},"end":{"line":70,"column":33}},"25":{"start":{"line":73,"column":8},"end":{"line":76,"column":9}},"26":{"start":{"line":74,"column":10},"end":{"line":74,"column":48}},"27":{"start":{"line":75,"column":10},"end":{"line":75,"column":33}},"28":{"start":{"line":82,"column":2},"end":{"line":91,"column":4}},"29":{"start":{"line":84,"column":6},"end":{"line":86,"column":7}},"30":{"start":{"line":85,"column":8},"end":{"line":85,"column":43}},"31":{"start":{"line":88,"column":6},"end":{"line":88,"column":29}},"32":{"start":{"line":93,"column":2},"end":{"line":97,"column":4}}},"fnMap":{"0":{"name":"useFocusJail","decl":{"start":{"line":13,"column":16},"end":{"line":13,"column":28}},"loc":{"start":{"line":13,"column":83},"end":{"line":98,"column":1}},"line":13},"1":{"name":"(anonymous_1)","decl":{"start":{"line":17,"column":4},"end":{"line":17,"column":5}},"loc":{"start":{"line":17,"column":15},"end":{"line":25,"column":5}},"line":17},"2":{"name":"(anonymous_2)","decl":{"start":{"line":29,"column":31},"end":{"line":29,"column":32}},"loc":{"start":{"line":29,"column":37},"end":{"line":35,"column":3}},"line":29},"3":{"name":"(anonymous_3)","decl":{"start":{"line":37,"column":30},"end":{"line":37,"column":31}},"loc":{"start":{"line":37,"column":36},"end":{"line":43,"column":3}},"line":37},"4":{"name":"(anonymous_4)","decl":{"start":{"line":45,"column":27},"end":{"line":45,"column":28}},"loc":{"start":{"line":45,"column":33},"end":{"line":52,"column":3}},"line":45},"5":{"name":"(anonymous_5)","decl":{"start":{"line":54,"column":28},"end":{"line":54,"column":29}},"loc":{"start":{"line":54,"column":62},"end":{"line":80,"column":3}},"line":54},"6":{"name":"(anonymous_6)","decl":{"start":{"line":56,"column":49},"end":{"line":56,"column":50}},"loc":{"start":{"line":56,"column":58},"end":{"line":77,"column":7}},"line":56},"7":{"name":"(anonymous_7)","decl":{"start":{"line":83,"column":4},"end":{"line":83,"column":5}},"loc":{"start":{"line":83,"column":10},"end":{"line":89,"column":5}},"line":83}},"branchMap":{"0":{"loc":{"start":{"line":13,"column":29},"end":{"line":13,"column":81}},"type":"default-arg","locations":[{"start":{"line":13,"column":79},"end":{"line":13,"column":81}}],"line":13},"1":{"loc":{"start":{"line":13,"column":31},"end":{"line":13,"column":50}},"type":"default-arg","locations":[{"start":{"line":13,"column":46},"end":{"line":13,"column":50}}],"line":13},"2":{"loc":{"start":{"line":20,"column":6},"end":{"line":24,"column":7}},"type":"if","locations":[{"start":{"line":20,"column":6},"end":{"line":24,"column":7}},{"start":{"line":20,"column":6},"end":{"line":24,"column":7}}],"line":20},"3":{"loc":{"start":{"line":23,"column":8},"end":{"line":23,"column":34}},"type":"binary-expr","locations":[{"start":{"line":23,"column":8},"end":{"line":23,"column":15}},{"start":{"line":23,"column":19},"end":{"line":23,"column":34}}],"line":23},"4":{"loc":{"start":{"line":30,"column":4},"end":{"line":34,"column":5}},"type":"if","locations":[{"start":{"line":30,"column":4},"end":{"line":34,"column":5}},{"start":{"line":30,"column":4},"end":{"line":34,"column":5}}],"line":30},"5":{"loc":{"start":{"line":38,"column":16},"end":{"line":38,"column":52}},"type":"cond-expr","locations":[{"start":{"line":38,"column":30},"end":{"line":38,"column":41}},{"start":{"line":38,"column":44},"end":{"line":38,"column":52}}],"line":38},"6":{"loc":{"start":{"line":42,"column":11},"end":{"line":42,"column":74}},"type":"cond-expr","locations":[{"start":{"line":42,"column":48},"end":{"line":42,"column":58}},{"start":{"line":42,"column":61},"end":{"line":42,"column":74}}],"line":42},"7":{"loc":{"start":{"line":49,"column":17},"end":{"line":49,"column":53}},"type":"binary-expr","locations":[{"start":{"line":49,"column":17},"end":{"line":49,"column":28}},{"start":{"line":49,"column":32},"end":{"line":49,"column":53}}],"line":49},"8":{"loc":{"start":{"line":50,"column":16},"end":{"line":50,"column":70}},"type":"binary-expr","locations":[{"start":{"line":50,"column":16},"end":{"line":50,"column":45}},{"start":{"line":50,"column":49},"end":{"line":50,"column":70}}],"line":50},"9":{"loc":{"start":{"line":54,"column":29},"end":{"line":54,"column":57}},"type":"default-arg","locations":[{"start":{"line":54,"column":55},"end":{"line":54,"column":57}}],"line":54},"10":{"loc":{"start":{"line":57,"column":8},"end":{"line":59,"column":9}},"type":"if","locations":[{"start":{"line":57,"column":8},"end":{"line":59,"column":9}},{"start":{"line":57,"column":8},"end":{"line":59,"column":9}}],"line":57},"11":{"loc":{"start":{"line":65,"column":8},"end":{"line":71,"column":9}},"type":"if","locations":[{"start":{"line":65,"column":8},"end":{"line":71,"column":9}},{"start":{"line":65,"column":8},"end":{"line":71,"column":9}}],"line":65},"12":{"loc":{"start":{"line":66,"column":10},"end":{"line":67,"column":93}},"type":"binary-expr","locations":[{"start":{"line":66,"column":10},"end":{"line":66,"column":24}},{"start":{"line":67,"column":11},"end":{"line":67,"column":51}},{"start":{"line":67,"column":55},"end":{"line":67,"column":92}}],"line":66},"13":{"loc":{"start":{"line":73,"column":8},"end":{"line":76,"column":9}},"type":"if","locations":[{"start":{"line":73,"column":8},"end":{"line":76,"column":9}},{"start":{"line":73,"column":8},"end":{"line":76,"column":9}}],"line":73},"14":{"loc":{"start":{"line":73,"column":12},"end":{"line":73,"column":70}},"type":"binary-expr","locations":[{"start":{"line":73,"column":12},"end":{"line":73,"column":27}},{"start":{"line":73,"column":31},"end":{"line":73,"column":70}}],"line":73},"15":{"loc":{"start":{"line":84,"column":6},"end":{"line":86,"column":7}},"type":"if","locations":[{"start":{"line":84,"column":6},"end":{"line":86,"column":7}},{"start":{"line":84,"column":6},"end":{"line":86,"column":7}}],"line":84}},"s":{"0":14,"1":14,"2":17,"3":14,"4":3,"5":14,"6":18,"7":1,"8":14,"9":8,"10":8,"11":8,"12":8,"13":14,"14":4,"15":4,"16":14,"17":14,"18":5,"19":1,"20":4,"21":4,"22":4,"23":1,"24":1,"25":4,"26":3,"27":3,"28":14,"29":14,"30":13,"31":14,"32":14},"f":{"0":14,"1":17,"2":18,"3":8,"4":4,"5":14,"6":5,"7":14},"b":{"0":[0],"1":[13],"2":[14,3],"3":[3,2],"4":[1,17],"5":[0,8],"6":[0,8],"7":[4,4],"8":[4,4],"9":[0],"10":[1,4],"11":[1,3],"12":[4,1,0],"13":[3,1],"14":[4,3],"15":[13,1]},"_coverageSchema":"332fd63041d2c1bcb487cc26dd0d5f7d97098a6c","hash":"16455bf633709e475465498d2951606d78d676e7"}
,"/home/travis/build/zendeskgarden/react-containers/packages/keyboardfocus/src/KeyboardFocusContainer.js": {"path":"/home/travis/build/zendeskgarden/react-containers/packages/keyboardfocus/src/KeyboardFocusContainer.js","statementMap":{"0":{"start":{"line":13,"column":2},"end":{"line":13,"column":36}},"1":{"start":{"line":17,"column":0},"end":{"line":20,"column":2}}},"fnMap":{"0":{"name":"KeyboardFocusContainer","decl":{"start":{"line":12,"column":16},"end":{"line":12,"column":38}},"loc":{"start":{"line":12,"column":72},"end":{"line":14,"column":1}},"line":12}},"branchMap":{"0":{"loc":{"start":{"line":12,"column":51},"end":{"line":12,"column":68}},"type":"default-arg","locations":[{"start":{"line":12,"column":60},"end":{"line":12,"column":68}}],"line":12}},"s":{"0":9,"1":2},"f":{"0":9},"b":{"0":[9]},"_coverageSchema":"332fd63041d2c1bcb487cc26dd0d5f7d97098a6c","hash":"53bef617eba65784c5b889c7385c4002f2f6d473"}
,"/home/travis/build/zendeskgarden/react-containers/packages/keyboardfocus/src/useKeyboardFocus.js": {"path":"/home/travis/build/zendeskgarden/react-containers/packages/keyboardfocus/src/useKeyboardFocus.js","statementMap":{"0":{"start":{"line":13,"column":48},"end":{"line":13,"column":63}},"1":{"start":{"line":14,"column":26},"end":{"line":14,"column":30}},"2":{"start":{"line":16,"column":24},"end":{"line":18,"column":3}},"3":{"start":{"line":17,"column":4},"end":{"line":17,"column":30}},"4":{"start":{"line":20,"column":18},"end":{"line":24,"column":3}},"5":{"start":{"line":21,"column":4},"end":{"line":23,"column":5}},"6":{"start":{"line":22,"column":6},"end":{"line":22,"column":31}},"7":{"start":{"line":26,"column":17},"end":{"line":28,"column":3}},"8":{"start":{"line":27,"column":4},"end":{"line":27,"column":30}},"9":{"start":{"line":30,"column":24},"end":{"line":40,"column":3}},"10":{"start":{"line":31,"column":4},"end":{"line":39,"column":6}},"11":{"start":{"line":42,"column":2},"end":{"line":45,"column":4}}},"fnMap":{"0":{"name":"useKeyboardFocus","decl":{"start":{"line":12,"column":16},"end":{"line":12,"column":32}},"loc":{"start":{"line":12,"column":35},"end":{"line":46,"column":1}},"line":12},"1":{"name":"(anonymous_1)","decl":{"start":{"line":16,"column":24},"end":{"line":16,"column":25}},"loc":{"start":{"line":16,"column":30},"end":{"line":18,"column":3}},"line":16},"2":{"name":"(anonymous_2)","decl":{"start":{"line":20,"column":18},"end":{"line":20,"column":19}},"loc":{"start":{"line":20,"column":24},"end":{"line":24,"column":3}},"line":20},"3":{"name":"(anonymous_3)","decl":{"start":{"line":26,"column":17},"end":{"line":26,"column":18}},"loc":{"start":{"line":26,"column":23},"end":{"line":28,"column":3}},"line":26},"4":{"name":"(anonymous_4)","decl":{"start":{"line":30,"column":24},"end":{"line":30,"column":25}},"loc":{"start":{"line":30,"column":61},"end":{"line":40,"column":3}},"line":30}},"branchMap":{"0":{"loc":{"start":{"line":21,"column":4},"end":{"line":23,"column":5}},"type":"if","locations":[{"start":{"line":21,"column":4},"end":{"line":23,"column":5}},{"start":{"line":21,"column":4},"end":{"line":23,"column":5}}],"line":21},"1":{"loc":{"start":{"line":30,"column":25},"end":{"line":30,"column":56}},"type":"default-arg","locations":[{"start":{"line":30,"column":54},"end":{"line":30,"column":56}}],"line":30},"2":{"loc":{"start":{"line":30,"column":27},"end":{"line":30,"column":39}},"type":"default-arg","locations":[{"start":{"line":30,"column":38},"end":{"line":30,"column":39}}],"line":30}},"s":{"0":9,"1":9,"2":9,"3":4,"4":9,"5":2,"6":2,"7":9,"8":1,"9":9,"10":9,"11":9},"f":{"0":9,"1":4,"2":2,"3":1,"4":9},"b":{"0":[2,0],"1":[0],"2":[9]},"_coverageSchema":"332fd63041d2c1bcb487cc26dd0d5f7d97098a6c","hash":"58c4ea51ae3542f5a10be2a62f9fd5c348f6c76f"}
,"/home/travis/build/zendeskgarden/react-containers/packages/pagination/src/PaginationContainer.js": {"path":"/home/travis/build/zendeskgarden/react-containers/packages/pagination/src/PaginationContainer.js","statementMap":{"0":{"start":{"line":13,"column":2},"end":{"line":13,"column":40}},"1":{"start":{"line":16,"column":0},"end":{"line":23,"column":2}}},"fnMap":{"0":{"name":"PaginationContainer","decl":{"start":{"line":12,"column":16},"end":{"line":12,"column":35}},"loc":{"start":{"line":12,"column":81},"end":{"line":14,"column":1}},"line":12}},"branchMap":{"0":{"loc":{"start":{"line":12,"column":48},"end":{"line":12,"column":65}},"type":"default-arg","locations":[{"start":{"line":12,"column":57},"end":{"line":12,"column":65}}],"line":12}},"s":{"0":32,"1":2},"f":{"0":32},"b":{"0":[32]},"_coverageSchema":"332fd63041d2c1bcb487cc26dd0d5f7d97098a6c","hash":"171c981201b9e45033c291defaaef22a834c8353"}
,"/home/travis/build/zendeskgarden/react-containers/packages/pagination/src/usePagination.js": {"path":"/home/travis/build/zendeskgarden/react-containers/packages/pagination/src/usePagination.js","statementMap":{"0":{"start":{"line":16,"column":6},"end":{"line":16,"column":27}},"1":{"start":{"line":18,"column":28},"end":{"line":24,"column":3}},"2":{"start":{"line":19,"column":4},"end":{"line":23,"column":6}},"3":{"start":{"line":26,"column":31},"end":{"line":31,"column":3}},"4":{"start":{"line":27,"column":4},"end":{"line":30,"column":6}},"5":{"start":{"line":33,"column":27},"end":{"line":38,"column":3}},"6":{"start":{"line":34,"column":4},"end":{"line":37,"column":6}},"7":{"start":{"line":40,"column":23},"end":{"line":52,"column":3}},"8":{"start":{"line":41,"column":24},"end":{"line":41,"column":38}},"9":{"start":{"line":43,"column":4},"end":{"line":45,"column":5}},"10":{"start":{"line":44,"column":6},"end":{"line":44,"column":51}},"11":{"start":{"line":47,"column":4},"end":{"line":51,"column":6}},"12":{"start":{"line":54,"column":2},"end":{"line":61,"column":4}},"13":{"start":{"line":57,"column":32},"end":{"line":57,"column":85}},"14":{"start":{"line":58,"column":27},"end":{"line":58,"column":60}},"15":{"start":{"line":59,"column":35},"end":{"line":59,"column":76}},"16":{"start":{"line":60,"column":31},"end":{"line":60,"column":68}}},"fnMap":{"0":{"name":"usePagination","decl":{"start":{"line":10,"column":16},"end":{"line":10,"column":29}},"loc":{"start":{"line":10,"column":39},"end":{"line":62,"column":1}},"line":10},"1":{"name":"(anonymous_1)","decl":{"start":{"line":18,"column":28},"end":{"line":18,"column":29}},"loc":{"start":{"line":18,"column":83},"end":{"line":24,"column":3}},"line":18},"2":{"name":"(anonymous_2)","decl":{"start":{"line":26,"column":31},"end":{"line":26,"column":32}},"loc":{"start":{"line":26,"column":65},"end":{"line":31,"column":3}},"line":26},"3":{"name":"(anonymous_3)","decl":{"start":{"line":33,"column":27},"end":{"line":33,"column":28}},"loc":{"start":{"line":33,"column":61},"end":{"line":38,"column":3}},"line":33},"4":{"name":"(anonymous_4)","decl":{"start":{"line":40,"column":23},"end":{"line":40,"column":24}},"loc":{"start":{"line":40,"column":72},"end":{"line":52,"column":3}},"line":40},"5":{"name":"(anonymous_5)","decl":{"start":{"line":57,"column":23},"end":{"line":57,"column":24}},"loc":{"start":{"line":57,"column":32},"end":{"line":57,"column":85}},"line":57},"6":{"name":"(anonymous_6)","decl":{"start":{"line":58,"column":18},"end":{"line":58,"column":19}},"loc":{"start":{"line":58,"column":27},"end":{"line":58,"column":60}},"line":58},"7":{"name":"(anonymous_7)","decl":{"start":{"line":59,"column":26},"end":{"line":59,"column":27}},"loc":{"start":{"line":59,"column":35},"end":{"line":59,"column":76}},"line":59},"8":{"name":"(anonymous_8)","decl":{"start":{"line":60,"column":22},"end":{"line":60,"column":23}},"loc":{"start":{"line":60,"column":31},"end":{"line":60,"column":68}},"line":60}},"branchMap":{"0":{"loc":{"start":{"line":18,"column":29},"end":{"line":18,"column":78}},"type":"default-arg","locations":[{"start":{"line":18,"column":76},"end":{"line":18,"column":78}}],"line":18},"1":{"loc":{"start":{"line":18,"column":31},"end":{"line":18,"column":50}},"type":"default-arg","locations":[{"start":{"line":18,"column":38},"end":{"line":18,"column":50}}],"line":18},"2":{"loc":{"start":{"line":21,"column":20},"end":{"line":21,"column":56}},"type":"binary-expr","locations":[{"start":{"line":21,"column":20},"end":{"line":21,"column":29}},{"start":{"line":21,"column":33},"end":{"line":21,"column":56}}],"line":21},"3":{"loc":{"start":{"line":26,"column":32},"end":{"line":26,"column":60}},"type":"default-arg","locations":[{"start":{"line":26,"column":58},"end":{"line":26,"column":60}}],"line":26},"4":{"loc":{"start":{"line":28,"column":20},"end":{"line":28,"column":48}},"type":"binary-expr","locations":[{"start":{"line":28,"column":20},"end":{"line":28,"column":29}},{"start":{"line":28,"column":33},"end":{"line":28,"column":48}}],"line":28},"5":{"loc":{"start":{"line":33,"column":28},"end":{"line":33,"column":56}},"type":"default-arg","locations":[{"start":{"line":33,"column":54},"end":{"line":33,"column":56}}],"line":33},"6":{"loc":{"start":{"line":35,"column":20},"end":{"line":35,"column":44}},"type":"binary-expr","locations":[{"start":{"line":35,"column":20},"end":{"line":35,"column":29}},{"start":{"line":35,"column":33},"end":{"line":35,"column":44}}],"line":35},"7":{"loc":{"start":{"line":40,"column":24},"end":{"line":40,"column":67}},"type":"default-arg","locations":[{"start":{"line":40,"column":65},"end":{"line":40,"column":67}}],"line":40},"8":{"loc":{"start":{"line":43,"column":4},"end":{"line":45,"column":5}},"type":"if","locations":[{"start":{"line":43,"column":4},"end":{"line":45,"column":5}},{"start":{"line":43,"column":4},"end":{"line":45,"column":5}}],"line":43},"9":{"loc":{"start":{"line":43,"column":8},"end":{"line":43,"column":29}},"type":"binary-expr","locations":[{"start":{"line":43,"column":8},"end":{"line":43,"column":15}},{"start":{"line":43,"column":19},"end":{"line":43,"column":29}}],"line":43},"10":{"loc":{"start":{"line":48,"column":20},"end":{"line":48,"column":46}},"type":"binary-expr","locations":[{"start":{"line":48,"column":20},"end":{"line":48,"column":29}},{"start":{"line":48,"column":33},"end":{"line":48,"column":46}}],"line":48}},"s":{"0":32,"1":32,"2":17,"3":32,"4":21,"5":32,"6":21,"7":32,"8":85,"9":85,"10":1,"11":85,"12":32,"13":17,"14":85,"15":21,"16":21},"f":{"0":32,"1":17,"2":21,"3":21,"4":85,"5":17,"6":85,"7":21,"8":21},"b":{"0":[0],"1":[17],"2":[17,16],"3":[0],"4":[21,20],"5":[0],"6":[21,20],"7":[0],"8":[1,84],"9":[85,1],"10":[85,84]},"_coverageSchema":"332fd63041d2c1bcb487cc26dd0d5f7d97098a6c","hash":"66848b7f6d177612624f25977b9f99ec80e32466"}
,"/home/travis/build/zendeskgarden/react-containers/packages/schedule/src/ScheduleContainer.js": {"path":"/home/travis/build/zendeskgarden/react-containers/packages/schedule/src/ScheduleContainer.js","statementMap":{"0":{"start":{"line":13,"column":2},"end":{"line":13,"column":36}},"1":{"start":{"line":16,"column":0},"end":{"line":22,"column":2}}},"fnMap":{"0":{"name":"ScheduleContainer","decl":{"start":{"line":12,"column":24},"end":{"line":12,"column":41}},"loc":{"start":{"line":12,"column":85},"end":{"line":14,"column":1}},"line":12}},"branchMap":{"0":{"loc":{"start":{"line":12,"column":54},"end":{"line":12,"column":71}},"type":"default-arg","locations":[{"start":{"line":12,"column":63},"end":{"line":12,"column":71}}],"line":12}},"s":{"0":10,"1":2},"f":{"0":10},"b":{"0":[10]},"_coverageSchema":"332fd63041d2c1bcb487cc26dd0d5f7d97098a6c","hash":"fb848ad789dcf30067ffb00259f8e56e4942923e"}
,"/home/travis/build/zendeskgarden/react-containers/packages/schedule/src/useSchedule.js": {"path":"/home/travis/build/zendeskgarden/react-containers/packages/schedule/src/useSchedule.js","statementMap":{"0":{"start":{"line":11,"column":29},"end":{"line":11,"column":40}},"1":{"start":{"line":13,"column":2},"end":{"line":50,"column":4}},"2":{"start":{"line":19,"column":19},"end":{"line":22,"column":7}},"3":{"start":{"line":21,"column":8},"end":{"line":21,"column":59}},"4":{"start":{"line":24,"column":36},"end":{"line":27,"column":7}},"5":{"start":{"line":25,"column":8},"end":{"line":25,"column":36}},"6":{"start":{"line":26,"column":8},"end":{"line":26,"column":15}},"7":{"start":{"line":29,"column":22},"end":{"line":39,"column":7}},"8":{"start":{"line":30,"column":8},"end":{"line":34,"column":21}},"9":{"start":{"line":31,"column":10},"end":{"line":31,"column":36}},"10":{"start":{"line":32,"column":10},"end":{"line":32,"column":38}},"11":{"start":{"line":33,"column":10},"end":{"line":33,"column":30}},"12":{"start":{"line":33,"column":20},"end":{"line":33,"column":30}},"13":{"start":{"line":37,"column":8},"end":{"line":37,"column":27}},"14":{"start":{"line":38,"column":8},"end":{"line":38,"column":15}},"15":{"start":{"line":41,"column":36},"end":{"line":41,"column":64}},"16":{"start":{"line":43,"column":6},"end":{"line":47,"column":8}},"17":{"start":{"line":44,"column":8},"end":{"line":44,"column":44}},"18":{"start":{"line":45,"column":8},"end":{"line":45,"column":34}},"19":{"start":{"line":46,"column":8},"end":{"line":46,"column":34}},"20":{"start":{"line":52,"column":2},"end":{"line":52,"column":41}}},"fnMap":{"0":{"name":"useSchedule","decl":{"start":{"line":10,"column":24},"end":{"line":10,"column":35}},"loc":{"start":{"line":10,"column":90},"end":{"line":53,"column":1}},"line":10},"1":{"name":"(anonymous_1)","decl":{"start":{"line":14,"column":4},"end":{"line":14,"column":5}},"loc":{"start":{"line":14,"column":10},"end":{"line":48,"column":5}},"line":14},"2":{"name":"(anonymous_2)","decl":{"start":{"line":19,"column":19},"end":{"line":19,"column":20}},"loc":{"start":{"line":19,"column":25},"end":{"line":22,"column":7}},"line":19},"3":{"name":"(anonymous_3)","decl":{"start":{"line":24,"column":36},"end":{"line":24,"column":37}},"loc":{"start":{"line":24,"column":42},"end":{"line":27,"column":7}},"line":24},"4":{"name":"(anonymous_4)","decl":{"start":{"line":29,"column":22},"end":{"line":29,"column":23}},"loc":{"start":{"line":29,"column":28},"end":{"line":39,"column":7}},"line":29},"5":{"name":"(anonymous_5)","decl":{"start":{"line":30,"column":33},"end":{"line":30,"column":34}},"loc":{"start":{"line":30,"column":39},"end":{"line":34,"column":9}},"line":30},"6":{"name":"(anonymous_6)","decl":{"start":{"line":43,"column":13},"end":{"line":43,"column":14}},"loc":{"start":{"line":43,"column":19},"end":{"line":47,"column":7}},"line":43}},"branchMap":{"0":{"loc":{"start":{"line":10,"column":36},"end":{"line":10,"column":88}},"type":"default-arg","locations":[{"start":{"line":10,"column":86},"end":{"line":10,"column":88}}],"line":10},"1":{"loc":{"start":{"line":10,"column":38},"end":{"line":10,"column":53}},"type":"default-arg","locations":[{"start":{"line":10,"column":49},"end":{"line":10,"column":53}}],"line":10},"2":{"loc":{"start":{"line":10,"column":55},"end":{"line":10,"column":68}},"type":"default-arg","locations":[{"start":{"line":10,"column":65},"end":{"line":10,"column":68}}],"line":10},"3":{"loc":{"start":{"line":10,"column":70},"end":{"line":10,"column":81}},"type":"default-arg","locations":[{"start":{"line":10,"column":77},"end":{"line":10,"column":81}}],"line":10},"4":{"loc":{"start":{"line":33,"column":10},"end":{"line":33,"column":30}},"type":"if","locations":[{"start":{"line":33,"column":10},"end":{"line":33,"column":30}},{"start":{"line":33,"column":10},"end":{"line":33,"column":30}}],"line":33}},"s":{"0":10,"1":10,"2":8,"3":128,"4":8,"5":120,"6":120,"7":8,"8":8,"9":3,"10":3,"11":3,"12":2,"13":8,"14":8,"15":8,"16":8,"17":1,"18":1,"19":1,"20":10},"f":{"0":10,"1":8,"2":128,"3":120,"4":8,"5":3,"6":1},"b":{"0":[0],"1":[9],"2":[9],"3":[9],"4":[2,1]},"_coverageSchema":"332fd63041d2c1bcb487cc26dd0d5f7d97098a6c","hash":"6d3bb385ded37f0538d036627be0a5a9b4d799c3"}
,"/home/travis/build/zendeskgarden/react-containers/packages/selection/src/SelectionContainer.js": {"path":"/home/travis/build/zendeskgarden/react-containers/packages/selection/src/SelectionContainer.js","statementMap":{"0":{"start":{"line":14,"column":2},"end":{"line":14,"column":39}},"1":{"start":{"line":18,"column":0},"end":{"line":28,"column":2}}},"fnMap":{"0":{"name":"SelectionContainer","decl":{"start":{"line":13,"column":16},"end":{"line":13,"column":34}},"loc":{"start":{"line":13,"column":80},"end":{"line":15,"column":1}},"line":13}},"branchMap":{"0":{"loc":{"start":{"line":13,"column":47},"end":{"line":13,"column":64}},"type":"default-arg","locations":[{"start":{"line":13,"column":56},"end":{"line":13,"column":64}}],"line":13}},"s":{"0":96,"1":10},"f":{"0":96},"b":{"0":[96]},"_coverageSchema":"332fd63041d2c1bcb487cc26dd0d5f7d97098a6c","hash":"022a7e2607b9bf374067cc77491a7f3d81233395"}
,"/home/travis/build/zendeskgarden/react-containers/packages/selection/src/useSelection.js": {"path":"/home/travis/build/zendeskgarden/react-containers/packages/selection/src/useSelection.js","statementMap":{"0":{"start":{"line":17,"column":32},"end":{"line":17,"column":82}},"1":{"start":{"line":18,"column":33},"end":{"line":18,"column":85}},"2":{"start":{"line":20,"column":4},"end":{"line":22,"column":51}},"3":{"start":{"line":24,"column":2},"end":{"line":125,"column":3}},"4":{"start":{"line":26,"column":6},"end":{"line":30,"column":7}},"5":{"start":{"line":27,"column":8},"end":{"line":27,"column":32}},"6":{"start":{"line":29,"column":8},"end":{"line":29,"column":21}},"7":{"start":{"line":32,"column":6},"end":{"line":32,"column":55}},"8":{"start":{"line":35,"column":29},"end":{"line":35,"column":87}},"9":{"start":{"line":37,"column":6},"end":{"line":41,"column":7}},"10":{"start":{"line":38,"column":8},"end":{"line":38,"column":32}},"11":{"start":{"line":40,"column":8},"end":{"line":40,"column":21}},"12":{"start":{"line":43,"column":6},"end":{"line":43,"column":55}},"13":{"start":{"line":47,"column":8},"end":{"line":47,"column":88}},"14":{"start":{"line":49,"column":6},"end":{"line":53,"column":7}},"15":{"start":{"line":50,"column":8},"end":{"line":50,"column":32}},"16":{"start":{"line":52,"column":8},"end":{"line":52,"column":21}},"17":{"start":{"line":55,"column":6},"end":{"line":55,"column":55}},"18":{"start":{"line":58,"column":6},"end":{"line":62,"column":7}},"19":{"start":{"line":59,"column":8},"end":{"line":59,"column":33}},"20":{"start":{"line":61,"column":8},"end":{"line":61,"column":21}},"21":{"start":{"line":64,"column":6},"end":{"line":64,"column":56}},"22":{"start":{"line":67,"column":6},"end":{"line":71,"column":7}},"23":{"start":{"line":68,"column":8},"end":{"line":68,"column":55}},"24":{"start":{"line":70,"column":8},"end":{"line":70,"column":21}},"25":{"start":{"line":73,"column":6},"end":{"line":73,"column":78}},"26":{"start":{"line":76,"column":31},"end":{"line":76,"column":36}},"27":{"start":{"line":77,"column":30},"end":{"line":77,"column":35}},"28":{"start":{"line":79,"column":6},"end":{"line":82,"column":7}},"29":{"start":{"line":80,"column":8},"end":{"line":80,"column":33}},"30":{"start":{"line":81,"column":8},"end":{"line":81,"column":34}},"31":{"start":{"line":84,"column":6},"end":{"line":87,"column":7}},"32":{"start":{"line":85,"column":8},"end":{"line":85,"column":27}},"33":{"start":{"line":86,"column":8},"end":{"line":86,"column":33}},"34":{"start":{"line":89,"column":6},"end":{"line":91,"column":7}},"35":{"start":{"line":90,"column":8},"end":{"line":90,"column":21}},"36":{"start":{"line":93,"column":27},"end":{"line":93,"column":39}},"37":{"start":{"line":95,"column":6},"end":{"line":97,"column":7}},"38":{"start":{"line":96,"column":8},"end":{"line":96,"column":51}},"39":{"start":{"line":99,"column":6},"end":{"line":101,"column":7}},"40":{"start":{"line":100,"column":8},"end":{"line":100,"column":45}},"41":{"start":{"line":103,"column":6},"end":{"line":103,"column":26}},"42":{"start":{"line":106,"column":6},"end":{"line":110,"column":7}},"43":{"start":{"line":107,"column":8},"end":{"line":107,"column":33}},"44":{"start":{"line":109,"column":8},"end":{"line":109,"column":28}},"45":{"start":{"line":112,"column":6},"end":{"line":112,"column":56}},"46":{"start":{"line":115,"column":6},"end":{"line":119,"column":7}},"47":{"start":{"line":116,"column":8},"end":{"line":116,"column":27}},"48":{"start":{"line":118,"column":8},"end":{"line":118,"column":21}},"49":{"start":{"line":121,"column":6},"end":{"line":121,"column":50}},"50":{"start":{"line":124,"column":6},"end":{"line":124,"column":19}},"51":{"start":{"line":142,"column":15},"end":{"line":142,"column":17}},"52":{"start":{"line":143,"column":16},"end":{"line":143,"column":18}},"53":{"start":{"line":145,"column":28},"end":{"line":149,"column":3}},"54":{"start":{"line":147,"column":6},"end":{"line":147,"column":90}},"55":{"start":{"line":151,"column":32},"end":{"line":151,"column":82}},"56":{"start":{"line":152,"column":33},"end":{"line":152,"column":85}},"57":{"start":{"line":154,"column":2},"end":{"line":163,"column":4}},"58":{"start":{"line":156,"column":6},"end":{"line":160,"column":7}},"59":{"start":{"line":157,"column":29},"end":{"line":157,"column":65}},"60":{"start":{"line":159,"column":8},"end":{"line":159,"column":65}},"61":{"start":{"line":165,"column":28},"end":{"line":168,"column":4}},"62":{"start":{"line":165,"column":70},"end":{"line":168,"column":3}},"63":{"start":{"line":170,"column":23},"end":{"line":262,"column":3}},"64":{"start":{"line":180,"column":4},"end":{"line":182,"column":5}},"65":{"start":{"line":181,"column":6},"end":{"line":181,"column":100}},"66":{"start":{"line":184,"column":4},"end":{"line":188,"column":5}},"67":{"start":{"line":185,"column":6},"end":{"line":187,"column":8}},"68":{"start":{"line":190,"column":4},"end":{"line":190,"column":24}},"69":{"start":{"line":191,"column":4},"end":{"line":191,"column":21}},"70":{"start":{"line":193,"column":23},"end":{"line":193,"column":54}},"71":{"start":{"line":195,"column":6},"end":{"line":195,"column":87}},"72":{"start":{"line":197,"column":6},"end":{"line":202,"column":12}},"73":{"start":{"line":203,"column":30},"end":{"line":203,"column":96}},"74":{"start":{"line":205,"column":6},"end":{"line":205,"column":74}},"75":{"start":{"line":207,"column":4},"end":{"line":261,"column":6}},"76":{"start":{"line":212,"column":8},"end":{"line":212,"column":64}},"77":{"start":{"line":215,"column":8},"end":{"line":217,"column":9}},"78":{"start":{"line":216,"column":10},"end":{"line":216,"column":57}},"79":{"start":{"line":220,"column":8},"end":{"line":220,"column":71}},"80":{"start":{"line":223,"column":8},"end":{"line":258,"column":9}},"81":{"start":{"line":227,"column":10},"end":{"line":231,"column":11}},"82":{"start":{"line":228,"column":12},"end":{"line":228,"column":57}},"83":{"start":{"line":230,"column":12},"end":{"line":230,"column":57}},"84":{"start":{"line":233,"column":10},"end":{"line":233,"column":29}},"85":{"start":{"line":234,"column":15},"end":{"line":258,"column":9}},"86":{"start":{"line":238,"column":10},"end":{"line":242,"column":11}},"87":{"start":{"line":239,"column":12},"end":{"line":239,"column":57}},"88":{"start":{"line":241,"column":12},"end":{"line":241,"column":57}},"89":{"start":{"line":244,"column":10},"end":{"line":244,"column":29}},"90":{"start":{"line":245,"column":15},"end":{"line":258,"column":9}},"91":{"start":{"line":246,"column":10},"end":{"line":246,"column":50}},"92":{"start":{"line":247,"column":10},"end":{"line":247,"column":29}},"93":{"start":{"line":248,"column":15},"end":{"line":258,"column":9}},"94":{"start":{"line":249,"column":10},"end":{"line":249,"column":49}},"95":{"start":{"line":250,"column":10},"end":{"line":250,"column":29}},"96":{"start":{"line":251,"column":15},"end":{"line":258,"column":9}},"97":{"start":{"line":252,"column":10},"end":{"line":256,"column":13}},"98":{"start":{"line":257,"column":10},"end":{"line":257,"column":29}},"99":{"start":{"line":264,"column":2},"end":{"line":269,"column":4}}},"fnMap":{"0":{"name":"stateReducer","decl":{"start":{"line":16,"column":9},"end":{"line":16,"column":21}},"loc":{"start":{"line":16,"column":87},"end":{"line":126,"column":1}},"line":16},"1":{"name":"useSelection","decl":{"start":{"line":133,"column":16},"end":{"line":133,"column":28}},"loc":{"start":{"line":141,"column":8},"end":{"line":270,"column":1}},"line":141},"2":{"name":"(anonymous_2)","decl":{"start":{"line":146,"column":4},"end":{"line":146,"column":5}},"loc":{"start":{"line":147,"column":6},"end":{"line":147,"column":90}},"line":147},"3":{"name":"(anonymous_3)","decl":{"start":{"line":155,"column":4},"end":{"line":155,"column":5}},"loc":{"start":{"line":155,"column":10},"end":{"line":161,"column":5}},"line":155},"4":{"name":"(anonymous_4)","decl":{"start":{"line":165,"column":28},"end":{"line":165,"column":29}},"loc":{"start":{"line":165,"column":70},"end":{"line":168,"column":3}},"line":165},"5":{"name":"(anonymous_5)","decl":{"start":{"line":170,"column":23},"end":{"line":170,"column":24}},"loc":{"start":{"line":179,"column":13},"end":{"line":262,"column":3}},"line":179},"6":{"name":"(anonymous_6)","decl":{"start":{"line":211,"column":53},"end":{"line":211,"column":54}},"loc":{"start":{"line":211,"column":59},"end":{"line":213,"column":7}},"line":211},"7":{"name":"(anonymous_7)","decl":{"start":{"line":214,"column":14},"end":{"line":214,"column":15}},"loc":{"start":{"line":214,"column":19},"end":{"line":218,"column":7}},"line":214},"8":{"name":"(anonymous_8)","decl":{"start":{"line":219,"column":45},"end":{"line":219,"column":46}},"loc":{"start":{"line":219,"column":51},"end":{"line":221,"column":7}},"line":219},"9":{"name":"(anonymous_9)","decl":{"start":{"line":222,"column":49},"end":{"line":222,"column":50}},"loc":{"start":{"line":222,"column":54},"end":{"line":259,"column":7}},"line":222}},"branchMap":{"0":{"loc":{"start":{"line":20,"column":4},"end":{"line":22,"column":51}},"type":"cond-expr","locations":[{"start":{"line":21,"column":8},"end":{"line":21,"column":52}},{"start":{"line":22,"column":8},"end":{"line":22,"column":51}}],"line":20},"1":{"loc":{"start":{"line":24,"column":2},"end":{"line":125,"column":3}},"type":"switch","locations":[{"start":{"line":25,"column":4},"end":{"line":33,"column":5}},{"start":{"line":34,"column":4},"end":{"line":44,"column":5}},{"start":{"line":45,"column":4},"end":{"line":56,"column":5}},{"start":{"line":57,"column":4},"end":{"line":65,"column":5}},{"start":{"line":66,"column":4},"end":{"line":74,"column":5}},{"start":{"line":75,"column":4},"end":{"line":104,"column":5}},{"start":{"line":105,"column":4},"end":{"line":113,"column":5}},{"start":{"line":114,"column":4},"end":{"line":122,"column":5}},{"start":{"line":123,"column":4},"end":{"line":124,"column":19}}],"line":24},"2":{"loc":{"start":{"line":26,"column":6},"end":{"line":30,"column":7}},"type":"if","locations":[{"start":{"line":26,"column":6},"end":{"line":30,"column":7}},{"start":{"line":26,"column":6},"end":{"line":30,"column":7}}],"line":26},"3":{"loc":{"start":{"line":37,"column":6},"end":{"line":41,"column":7}},"type":"if","locations":[{"start":{"line":37,"column":6},"end":{"line":41,"column":7}},{"start":{"line":37,"column":6},"end":{"line":41,"column":7}}],"line":37},"4":{"loc":{"start":{"line":49,"column":6},"end":{"line":53,"column":7}},"type":"if","locations":[{"start":{"line":49,"column":6},"end":{"line":53,"column":7}},{"start":{"line":49,"column":6},"end":{"line":53,"column":7}}],"line":49},"5":{"loc":{"start":{"line":58,"column":6},"end":{"line":62,"column":7}},"type":"if","locations":[{"start":{"line":58,"column":6},"end":{"line":62,"column":7}},{"start":{"line":58,"column":6},"end":{"line":62,"column":7}}],"line":58},"6":{"loc":{"start":{"line":67,"column":6},"end":{"line":71,"column":7}},"type":"if","locations":[{"start":{"line":67,"column":6},"end":{"line":71,"column":7}},{"start":{"line":67,"column":6},"end":{"line":71,"column":7}}],"line":67},"7":{"loc":{"start":{"line":79,"column":6},"end":{"line":82,"column":7}},"type":"if","locations":[{"start":{"line":79,"column":6},"end":{"line":82,"column":7}},{"start":{"line":79,"column":6},"end":{"line":82,"column":7}}],"line":79},"8":{"loc":{"start":{"line":84,"column":6},"end":{"line":87,"column":7}},"type":"if","locations":[{"start":{"line":84,"column":6},"end":{"line":87,"column":7}},{"start":{"line":84,"column":6},"end":{"line":87,"column":7}}],"line":84},"9":{"loc":{"start":{"line":89,"column":6},"end":{"line":91,"column":7}},"type":"if","locations":[{"start":{"line":89,"column":6},"end":{"line":91,"column":7}},{"start":{"line":89,"column":6},"end":{"line":91,"column":7}}],"line":89},"10":{"loc":{"start":{"line":89,"column":10},"end":{"line":89,"column":49}},"type":"binary-expr","locations":[{"start":{"line":89,"column":10},"end":{"line":89,"column":27}},{"start":{"line":89,"column":31},"end":{"line":89,"column":49}}],"line":89},"11":{"loc":{"start":{"line":95,"column":6},"end":{"line":97,"column":7}},"type":"if","locations":[{"start":{"line":95,"column":6},"end":{"line":97,"column":7}},{"start":{"line":95,"column":6},"end":{"line":97,"column":7}}],"line":95},"12":{"loc":{"start":{"line":99,"column":6},"end":{"line":101,"column":7}},"type":"if","locations":[{"start":{"line":99,"column":6},"end":{"line":101,"column":7}},{"start":{"line":99,"column":6},"end":{"line":101,"column":7}}],"line":99},"13":{"loc":{"start":{"line":106,"column":6},"end":{"line":110,"column":7}},"type":"if","locations":[{"start":{"line":106,"column":6},"end":{"line":110,"column":7}},{"start":{"line":106,"column":6},"end":{"line":110,"column":7}}],"line":106},"14":{"loc":{"start":{"line":115,"column":6},"end":{"line":119,"column":7}},"type":"if","locations":[{"start":{"line":115,"column":6},"end":{"line":119,"column":7}},{"start":{"line":115,"column":6},"end":{"line":119,"column":7}}],"line":115},"15":{"loc":{"start":{"line":133,"column":29},"end":{"line":141,"column":6}},"type":"default-arg","locations":[{"start":{"line":141,"column":4},"end":{"line":141,"column":6}}],"line":133},"16":{"loc":{"start":{"line":134,"column":2},"end":{"line":134,"column":35}},"type":"default-arg","locations":[{"start":{"line":134,"column":14},"end":{"line":134,"column":35}}],"line":134},"17":{"loc":{"start":{"line":135,"column":2},"end":{"line":135,"column":25}},"type":"default-arg","locations":[{"start":{"line":135,"column":24},"end":{"line":135,"column":25}}],"line":135},"18":{"loc":{"start":{"line":156,"column":6},"end":{"line":160,"column":7}},"type":"if","locations":[{"start":{"line":156,"column":6},"end":{"line":160,"column":7}},{"start":{"line":156,"column":6},"end":{"line":160,"column":7}}],"line":156},"19":{"loc":{"start":{"line":159,"column":8},"end":{"line":159,"column":64}},"type":"binary-expr","locations":[{"start":{"line":159,"column":8},"end":{"line":159,"column":26}},{"start":{"line":159,"column":30},"end":{"line":159,"column":64}}],"line":159},"20":{"loc":{"start":{"line":165,"column":29},"end":{"line":165,"column":64}},"type":"default-arg","locations":[{"start":{"line":165,"column":62},"end":{"line":165,"column":64}}],"line":165},"21":{"loc":{"start":{"line":165,"column":31},"end":{"line":165,"column":47}},"type":"default-arg","locations":[{"start":{"line":165,"column":38},"end":{"line":165,"column":47}}],"line":165},"22":{"loc":{"start":{"line":170,"column":24},"end":{"line":179,"column":8}},"type":"default-arg","locations":[{"start":{"line":179,"column":6},"end":{"line":179,"column":8}}],"line":170},"23":{"loc":{"start":{"line":171,"column":4},"end":{"line":171,"column":37}},"type":"default-arg","locations":[{"start":{"line":171,"column":22},"end":{"line":171,"column":37}}],"line":171},"24":{"loc":{"start":{"line":172,"column":4},"end":{"line":172,"column":19}},"type":"default-arg","locations":[{"start":{"line":172,"column":11},"end":{"line":172,"column":19}}],"line":172},"25":{"loc":{"start":{"line":180,"column":4},"end":{"line":182,"column":5}},"type":"if","locations":[{"start":{"line":180,"column":4},"end":{"line":182,"column":5}},{"start":{"line":180,"column":4},"end":{"line":182,"column":5}}],"line":180},"26":{"loc":{"start":{"line":184,"column":4},"end":{"line":188,"column":5}},"type":"if","locations":[{"start":{"line":184,"column":4},"end":{"line":188,"column":5}},{"start":{"line":184,"column":4},"end":{"line":188,"column":5}}],"line":184},"27":{"loc":{"start":{"line":195,"column":6},"end":{"line":195,"column":87}},"type":"cond-expr","locations":[{"start":{"line":195,"column":44},"end":{"line":195,"column":54}},{"start":{"line":195,"column":57},"end":{"line":195,"column":87}}],"line":195},"28":{"loc":{"start":{"line":197,"column":6},"end":{"line":202,"column":12}},"type":"cond-expr","locations":[{"start":{"line":201,"column":10},"end":{"line":201,"column":11}},{"start":{"line":202,"column":10},"end":{"line":202,"column":12}}],"line":197},"29":{"loc":{"start":{"line":197,"column":6},"end":{"line":200,"column":52}},"type":"binary-expr","locations":[{"start":{"line":197,"column":6},"end":{"line":197,"column":15}},{"start":{"line":198,"column":7},"end":{"line":198,"column":43}},{"start":{"line":199,"column":8},"end":{"line":199,"column":43}},{"start":{"line":200,"column":8},"end":{"line":200,"column":51}}],"line":197},"30":{"loc":{"start":{"line":203,"column":30},"end":{"line":203,"column":96}},"type":"binary-expr","locations":[{"start":{"line":203,"column":30},"end":{"line":203,"column":63}},{"start":{"line":203,"column":67},"end":{"line":203,"column":96}}],"line":203},"31":{"loc":{"start":{"line":205,"column":6},"end":{"line":205,"column":74}},"type":"binary-expr","locations":[{"start":{"line":205,"column":6},"end":{"line":205,"column":41}},{"start":{"line":205,"column":45},"end":{"line":205,"column":74}}],"line":205},"32":{"loc":{"start":{"line":215,"column":8},"end":{"line":217,"column":9}},"type":"if","locations":[{"start":{"line":215,"column":8},"end":{"line":217,"column":9}},{"start":{"line":215,"column":8},"end":{"line":217,"column":9}}],"line":215},"33":{"loc":{"start":{"line":223,"column":8},"end":{"line":258,"column":9}},"type":"if","locations":[{"start":{"line":223,"column":8},"end":{"line":258,"column":9}},{"start":{"line":223,"column":8},"end":{"line":258,"column":9}}],"line":223},"34":{"loc":{"start":{"line":224,"column":10},"end":{"line":225,"column":63}},"type":"binary-expr","locations":[{"start":{"line":224,"column":11},"end":{"line":224,"column":37}},{"start":{"line":224,"column":41},"end":{"line":224,"column":58}},{"start":{"line":225,"column":11},"end":{"line":225,"column":39}},{"start":{"line":225,"column":43},"end":{"line":225,"column":62}}],"line":224},"35":{"loc":{"start":{"line":227,"column":10},"end":{"line":231,"column":11}},"type":"if","locations":[{"start":{"line":227,"column":10},"end":{"line":231,"column":11}},{"start":{"line":227,"column":10},"end":{"line":231,"column":11}}],"line":227},"36":{"loc":{"start":{"line":234,"column":15},"end":{"line":258,"column":9}},"type":"if","locations":[{"start":{"line":234,"column":15},"end":{"line":258,"column":9}},{"start":{"line":234,"column":15},"end":{"line":258,"column":9}}],"line":234},"37":{"loc":{"start":{"line":235,"column":10},"end":{"line":236,"column":64}},"type":"binary-expr","locations":[{"start":{"line":235,"column":11},"end":{"line":235,"column":39}},{"start":{"line":235,"column":43},"end":{"line":235,"column":60}},{"start":{"line":236,"column":11},"end":{"line":236,"column":40}},{"start":{"line":236,"column":44},"end":{"line":236,"column":63}}],"line":235},"38":{"loc":{"start":{"line":238,"column":10},"end":{"line":242,"column":11}},"type":"if","locations":[{"start":{"line":238,"column":10},"end":{"line":242,"column":11}},{"start":{"line":238,"column":10},"end":{"line":242,"column":11}}],"line":238},"39":{"loc":{"start":{"line":245,"column":15},"end":{"line":258,"column":9}},"type":"if","locations":[{"start":{"line":245,"column":15},"end":{"line":258,"column":9}},{"start":{"line":245,"column":15},"end":{"line":258,"column":9}}],"line":245},"40":{"loc":{"start":{"line":248,"column":15},"end":{"line":258,"column":9}},"type":"if","locations":[{"start":{"line":248,"column":15},"end":{"line":258,"column":9}},{"start":{"line":248,"column":15},"end":{"line":258,"column":9}}],"line":248},"41":{"loc":{"start":{"line":251,"column":15},"end":{"line":258,"column":9}},"type":"if","locations":[{"start":{"line":251,"column":15},"end":{"line":258,"column":9}},{"start":{"line":251,"column":15},"end":{"line":258,"column":9}}],"line":251},"42":{"loc":{"start":{"line":251,"column":19},"end":{"line":251,"column":81}},"type":"binary-expr","locations":[{"start":{"line":251,"column":19},"end":{"line":251,"column":48}},{"start":{"line":251,"column":52},"end":{"line":251,"column":81}}],"line":251}},"s":{"0":75,"1":75,"2":75,"3":75,"4":24,"5":0,"6":0,"7":24,"8":6,"9":6,"10":0,"11":0,"12":6,"13":6,"14":6,"15":0,"16":0,"17":6,"18":1,"19":0,"20":0,"21":1,"22":1,"23":0,"24":0,"25":1,"26":34,"27":34,"28":34,"29":0,"30":0,"31":34,"32":0,"33":0,"34":34,"35":0,"36":34,"37":34,"38":34,"39":34,"40":34,"41":34,"42":2,"43":0,"44":0,"45":2,"46":1,"47":0,"48":0,"49":1,"50":0,"51":134,"52":134,"53":134,"54":75,"55":134,"56":134,"57":134,"58":115,"59":28,"60":28,"61":134,"62":119,"63":134,"64":423,"65":8,"66":415,"67":8,"68":407,"69":407,"70":407,"71":407,"72":407,"73":407,"74":407,"75":407,"76":12,"77":1,"78":1,"79":17,"80":20,"81":6,"82":2,"83":4,"84":6,"85":14,"86":6,"87":2,"88":4,"89":6,"90":8,"91":1,"92":1,"93":7,"94":1,"95":1,"96":6,"97":2,"98":2,"99":134},"f":{"0":75,"1":134,"2":75,"3":115,"4":119,"5":423,"6":12,"7":1,"8":17,"9":20},"b":{"0":[65,10],"1":[24,6,6,1,1,34,2,1,0],"2":[0,24],"3":[0,6],"4":[0,6],"5":[0,1],"6":[0,1],"7":[0,34],"8":[0,34],"9":[0,34],"10":[34,0],"11":[34,0],"12":[34,0],"13":[0,2],"14":[0,1],"15":[0],"16":[118],"17":[133],"18":[28,87],"19":[28,28],"20":[5],"21":[96],"22":[2],"23":[402],"24":[405],"25":[8,415],"26":[8,407],"27":[323,84],"28":[117,290],"29":[407,362,306,268],"30":[407,359],"31":[407,48],"32":[1,0],"33":[6,14],"34":[20,3,18,5],"35":[2,4],"36":[6,8],"37":[14,3,12,5],"38":[2,4],"39":[1,7],"40":[1,6],"41":[2,4],"42":[6,5]},"_coverageSchema":"332fd63041d2c1bcb487cc26dd0d5f7d97098a6c","hash":"d7adf1ef33068a860f8ba9f16b7ba1be93b64ad5"}
,"/home/travis/build/zendeskgarden/react-containers/packages/selection/src/utils/ACTIONS.js": {"path":"/home/travis/build/zendeskgarden/react-containers/packages/selection/src/utils/ACTIONS.js","statementMap":{"0":{"start":{"line":8,"column":23},"end":{"line":17,"column":1}}},"fnMap":{},"branchMap":{},"s":{"0":10},"f":{},"b":{},"_coverageSchema":"332fd63041d2c1bcb487cc26dd0d5f7d97098a6c","hash":"5318c74e61432414ce2cbed7f265871eb7897d45"}
,"/home/travis/build/zendeskgarden/react-containers/packages/selection/src/utils/DIRECTIONS.js": {"path":"/home/travis/build/zendeskgarden/react-containers/packages/selection/src/utils/DIRECTIONS.js","statementMap":{"0":{"start":{"line":8,"column":26},"end":{"line":12,"column":1}}},"fnMap":{},"branchMap":{},"s":{"0":10},"f":{},"b":{},"_coverageSchema":"332fd63041d2c1bcb487cc26dd0d5f7d97098a6c","hash":"eb1f388549ea1542a8081d64c099448cab9b540b"}
,"/home/travis/build/zendeskgarden/react-containers/packages/selection/src/utils/KEY_CODES.js": {"path":"/home/travis/build/zendeskgarden/react-containers/packages/selection/src/utils/KEY_CODES.js","statementMap":{"0":{"start":{"line":14,"column":25},"end":{"line":39,"column":1}}},"fnMap":{},"branchMap":{},"s":{"0":10},"f":{},"b":{},"_coverageSchema":"332fd63041d2c1bcb487cc26dd0d5f7d97098a6c","hash":"40ca947f51400d6cb261d3cb671bacace43dd8b0"}
,"/home/travis/build/zendeskgarden/react-containers/packages/selection/src/utils/composeEventHandlers.js": {"path":"/home/travis/build/zendeskgarden/react-containers/packages/selection/src/utils/composeEventHandlers.js","statementMap":{"0":{"start":{"line":25,"column":2},"end":{"line":30,"column":7}},"1":{"start":{"line":26,"column":4},"end":{"line":30,"column":6}},"2":{"start":{"line":27,"column":6},"end":{"line":27,"column":31}},"3":{"start":{"line":29,"column":6},"end":{"line":29,"column":45}}},"fnMap":{"0":{"name":"composeEventHandlers","decl":{"start":{"line":24,"column":16},"end":{"line":24,"column":36}},"loc":{"start":{"line":24,"column":45},"end":{"line":31,"column":1}},"line":24},"1":{"name":"(anonymous_1)","decl":{"start":{"line":25,"column":9},"end":{"line":25,"column":10}},"loc":{"start":{"line":26,"column":4},"end":{"line":30,"column":6}},"line":26},"2":{"name":"(anonymous_2)","decl":{"start":{"line":26,"column":13},"end":{"line":26,"column":14}},"loc":{"start":{"line":26,"column":19},"end":{"line":30,"column":5}},"line":26}},"branchMap":{"0":{"loc":{"start":{"line":27,"column":6},"end":{"line":27,"column":30}},"type":"binary-expr","locations":[{"start":{"line":27,"column":6},"end":{"line":27,"column":8}},{"start":{"line":27,"column":12},"end":{"line":27,"column":30}}],"line":27},"1":{"loc":{"start":{"line":29,"column":13},"end":{"line":29,"column":44}},"type":"binary-expr","locations":[{"start":{"line":29,"column":13},"end":{"line":29,"column":18}},{"start":{"line":29,"column":22},"end":{"line":29,"column":44}}],"line":29}},"s":{"0":1282,"1":63,"2":125,"3":125},"f":{"0":1282,"1":63,"2":125},"b":{"0":[125,64],"1":[125,125]},"_coverageSchema":"332fd63041d2c1bcb487cc26dd0d5f7d97098a6c","hash":"7e4459aa2378387f361a04bf9b02d420ed2618ac"}
,"/home/travis/build/zendeskgarden/react-containers/packages/selection/src/utils/getControlledValue.js": {"path":"/home/travis/build/zendeskgarden/react-containers/packages/selection/src/utils/getControlledValue.js","statementMap":{"0":{"start":{"line":12,"column":2},"end":{"line":16,"column":3}},"1":{"start":{"line":13,"column":4},"end":{"line":15,"column":5}},"2":{"start":{"line":14,"column":6},"end":{"line":14,"column":19}},"3":{"start":{"line":18,"column":2},"end":{"line":18,"column":19}}},"fnMap":{"0":{"name":"getControlledValue","decl":{"start":{"line":11,"column":16},"end":{"line":11,"column":34}},"loc":{"start":{"line":11,"column":46},"end":{"line":19,"column":1}},"line":11}},"branchMap":{"0":{"loc":{"start":{"line":13,"column":4},"end":{"line":15,"column":5}},"type":"if","locations":[{"start":{"line":13,"column":4},"end":{"line":15,"column":5}},{"start":{"line":13,"column":4},"end":{"line":15,"column":5}}],"line":13}},"s":{"0":420,"1":840,"2":72,"3":348},"f":{"0":420},"b":{"0":[72,768]},"_coverageSchema":"332fd63041d2c1bcb487cc26dd0d5f7d97098a6c","hash":"4f64acc1f04d4e03c54df7a2b12c2daa90a59042"}
}
