TN:
SF:/home/travis/build/zendeskgarden/react-containers/packages/breadcrumb/src/BreadcrumbContainer.js
FN:12,BreadcrumbContainer
FNF:1
FNH:1
FNDA:2,BreadcrumbContainer
DA:13,2
DA:16,2
LF:2
LH:2
BRDA:12,0,0,2
BRF:1
BRH:1
end_of_record
TN:
SF:/home/travis/build/zendeskgarden/react-containers/packages/breadcrumb/src/useBreadcrumb.js
FN:8,useBreadcrumb
FN:9,(anonymous_1)
FN:17,(anonymous_2)
FNF:3
FNH:3
FNDA:2,useBreadcrumb
FNDA:2,(anonymous_1)
FNDA:2,(anonymous_2)
DA:9,2
DA:10,2
DA:17,2
DA:18,2
DA:24,2
LF:5
LH:5
BRDA:9,0,0,0
BRDA:9,1,0,2
BRF:2
BRH:1
end_of_record
TN:
SF:/home/travis/build/zendeskgarden/react-containers/packages/buttongroup/src/ButtonGroupContainer.js
FN:12,ButtonGroupContainer
FNF:1
FNH:1
FNDA:6,ButtonGroupContainer
DA:13,6
DA:16,2
LF:2
LH:2
BRDA:12,0,0,6
BRF:1
BRH:1
end_of_record
TN:
SF:/home/travis/build/zendeskgarden/react-containers/packages/buttongroup/src/useButtonGroup.js
FN:10,useButtonGroup
FN:13,(anonymous_1)
FN:20,(anonymous_2)
FN:37,(anonymous_3)
FN:38,(anonymous_4)
FNF:5
FNH:5
FNDA:6,useButtonGroup
FNDA:6,(anonymous_1)
FNDA:18,(anonymous_2)
FNDA:6,(anonymous_3)
FNDA:18,(anonymous_4)
DA:11,6
DA:13,6
DA:14,6
DA:20,6
DA:26,18
DA:34,6
DA:37,6
DA:38,18
LF:8
LH:8
BRDA:13,0,0,0
BRDA:13,1,0,6
BRDA:20,2,0,0
BRDA:21,3,0,18
BRDA:23,4,0,18
BRF:5
BRH:3
end_of_record
TN:
SF:/home/travis/build/zendeskgarden/react-containers/packages/field/src/FieldContainer.js
FN:12,FieldContainer
FNF:1
FNH:1
FNDA:5,FieldContainer
DA:13,5
DA:16,2
LF:2
LH:2
BRDA:12,0,0,5
BRF:1
BRH:1
end_of_record
TN:
SF:/home/travis/build/zendeskgarden/react-containers/packages/field/src/useField.js
FN:11,useField
FN:17,(anonymous_1)
FN:25,(anonymous_2)
FN:34,(anonymous_3)
FNF:4
FNH:4
FNDA:5,useField
FNDA:4,(anonymous_1)
FNDA:5,(anonymous_2)
FNDA:4,(anonymous_3)
DA:12,5
DA:13,5
DA:14,5
DA:15,5
DA:17,5
DA:18,4
DA:25,5
DA:26,5
DA:34,5
DA:35,4
DA:41,5
LF:11
LH:11
BRDA:12,0,0,5
BRDA:12,0,1,0
BRDA:17,1,0,0
BRDA:17,2,0,4
BRDA:17,3,0,4
BRDA:25,4,0,0
BRDA:25,5,0,5
BRDA:25,6,0,4
BRDA:25,7,0,4
BRDA:29,8,0,1
BRDA:29,8,1,4
BRDA:34,9,0,0
BRDA:34,10,0,4
BRF:13
BRH:9
end_of_record
TN:
SF:/home/travis/build/zendeskgarden/react-containers/packages/field/src/utils/IdManager.js
FN:15,generateId
FN:23,setIdCounter
FNF:2
FNH:2
FNDA:3,generateId
FNDA:4,setIdCounter
DA:8,3
DA:16,3
DA:24,4
LF:3
LH:3
BRDA:15,0,0,2
BRF:1
BRH:1
end_of_record
TN:
SF:/home/travis/build/zendeskgarden/react-containers/packages/focusjail/src/FocusJailContainer.js
FN:12,FocusJailContainer
FNF:1
FNH:1
FNDA:14,FocusJailContainer
DA:13,14
DA:16,2
LF:2
LH:2
BRDA:12,0,0,14
BRF:1
BRH:1
end_of_record
TN:
SF:/home/travis/build/zendeskgarden/react-containers/packages/focusjail/src/useFocusJail.js
FN:13,useFocusJail
FN:17,(anonymous_1)
FN:29,(anonymous_2)
FN:37,(anonymous_3)
FN:45,(anonymous_4)
FN:54,(anonymous_5)
FN:56,(anonymous_6)
FN:83,(anonymous_7)
FNF:8
FNH:8
FNDA:14,useFocusJail
FNDA:17,(anonymous_1)
FNDA:18,(anonymous_2)
FNDA:8,(anonymous_3)
FNDA:4,(anonymous_4)
FNDA:14,(anonymous_5)
FNDA:5,(anonymous_6)
FNDA:14,(anonymous_7)
DA:14,14
DA:16,14
DA:20,17
DA:21,14
DA:23,3
DA:29,14
DA:30,18
DA:31,1
DA:37,14
DA:38,8
DA:39,8
DA:40,8
DA:42,8
DA:45,14
DA:46,4
DA:48,4
DA:54,14
DA:55,14
DA:57,5
DA:58,1
DA:61,4
DA:63,4
DA:65,4
DA:69,1
DA:70,1
DA:73,4
DA:74,3
DA:75,3
DA:82,14
DA:84,14
DA:85,13
DA:88,14
DA:93,14
LF:33
LH:33
BRDA:13,0,0,0
BRDA:13,1,0,13
BRDA:20,2,0,14
BRDA:20,2,1,3
BRDA:23,3,0,3
BRDA:23,3,1,2
BRDA:30,4,0,1
BRDA:30,4,1,17
BRDA:38,5,0,0
BRDA:38,5,1,8
BRDA:42,6,0,0
BRDA:42,6,1,8
BRDA:49,7,0,4
BRDA:49,7,1,4
BRDA:50,8,0,4
BRDA:50,8,1,4
BRDA:54,9,0,0
BRDA:57,10,0,1
BRDA:57,10,1,4
BRDA:65,11,0,1
BRDA:65,11,1,3
BRDA:66,12,0,4
BRDA:66,12,1,1
BRDA:66,12,2,0
BRDA:73,13,0,3
BRDA:73,13,1,1
BRDA:73,14,0,4
BRDA:73,14,1,3
BRDA:84,15,0,13
BRDA:84,15,1,1
BRF:30
BRH:25
end_of_record
TN:
SF:/home/travis/build/zendeskgarden/react-containers/packages/keyboardfocus/src/KeyboardFocusContainer.js
FN:12,KeyboardFocusContainer
FNF:1
FNH:1
FNDA:9,KeyboardFocusContainer
DA:13,9
DA:17,2
LF:2
LH:2
BRDA:12,0,0,9
BRF:1
BRH:1
end_of_record
TN:
SF:/home/travis/build/zendeskgarden/react-containers/packages/keyboardfocus/src/useKeyboardFocus.js
FN:12,useKeyboardFocus
FN:16,(anonymous_1)
FN:20,(anonymous_2)
FN:26,(anonymous_3)
FN:30,(anonymous_4)
FNF:5
FNH:5
FNDA:9,useKeyboardFocus
FNDA:4,(anonymous_1)
FNDA:2,(anonymous_2)
FNDA:1,(anonymous_3)
FNDA:9,(anonymous_4)
DA:13,9
DA:14,9
DA:16,9
DA:17,4
DA:20,9
DA:21,2
DA:22,2
DA:26,9
DA:27,1
DA:30,9
DA:31,9
DA:42,9
LF:12
LH:12
BRDA:21,0,0,2
BRDA:21,0,1,0
BRDA:30,1,0,0
BRDA:30,2,0,9
BRF:4
BRH:2
end_of_record
TN:
SF:/home/travis/build/zendeskgarden/react-containers/packages/pagination/src/PaginationContainer.js
FN:12,PaginationContainer
FNF:1
FNH:1
FNDA:32,PaginationContainer
DA:13,32
DA:16,2
LF:2
LH:2
BRDA:12,0,0,32
BRF:1
BRH:1
end_of_record
TN:
SF:/home/travis/build/zendeskgarden/react-containers/packages/pagination/src/usePagination.js
FN:10,usePagination
FN:18,(anonymous_1)
FN:26,(anonymous_2)
FN:33,(anonymous_3)
FN:40,(anonymous_4)
FN:57,(anonymous_5)
FN:58,(anonymous_6)
FN:59,(anonymous_7)
FN:60,(anonymous_8)
FNF:9
FNH:9
FNDA:32,usePagination
FNDA:17,(anonymous_1)
FNDA:21,(anonymous_2)
FNDA:21,(anonymous_3)
FNDA:85,(anonymous_4)
FNDA:17,(anonymous_5)
FNDA:85,(anonymous_6)
FNDA:21,(anonymous_7)
FNDA:21,(anonymous_8)
DA:16,32
DA:18,32
DA:19,17
DA:26,32
DA:27,21
DA:33,32
DA:34,21
DA:40,32
DA:41,85
DA:43,85
DA:44,1
DA:47,85
DA:54,32
DA:57,17
DA:58,85
DA:59,21
DA:60,21
LF:17
LH:17
BRDA:18,0,0,0
BRDA:18,1,0,17
BRDA:21,2,0,17
BRDA:21,2,1,16
BRDA:26,3,0,0
BRDA:28,4,0,21
BRDA:28,4,1,20
BRDA:33,5,0,0
BRDA:35,6,0,21
BRDA:35,6,1,20
BRDA:40,7,0,0
BRDA:43,8,0,1
BRDA:43,8,1,84
BRDA:43,9,0,85
BRDA:43,9,1,1
BRDA:48,10,0,85
BRDA:48,10,1,84
BRF:17
BRH:13
end_of_record
TN:
SF:/home/travis/build/zendeskgarden/react-containers/packages/schedule/src/ScheduleContainer.js
FN:12,ScheduleContainer
FNF:1
FNH:1
FNDA:10,ScheduleContainer
DA:13,10
DA:16,2
LF:2
LH:2
BRDA:12,0,0,10
BRF:1
BRH:1
end_of_record
TN:
SF:/home/travis/build/zendeskgarden/react-containers/packages/schedule/src/useSchedule.js
FN:10,useSchedule
FN:14,(anonymous_1)
FN:19,(anonymous_2)
FN:24,(anonymous_3)
FN:29,(anonymous_4)
FN:30,(anonymous_5)
FN:43,(anonymous_6)
FNF:7
FNH:7
FNDA:10,useSchedule
FNDA:8,(anonymous_1)
FNDA:128,(anonymous_2)
FNDA:120,(anonymous_3)
FNDA:8,(anonymous_4)
FNDA:3,(anonymous_5)
FNDA:1,(anonymous_6)
DA:11,10
DA:13,10
DA:19,8
DA:21,128
DA:24,8
DA:25,120
DA:26,120
DA:29,8
DA:30,8
DA:31,3
DA:32,3
DA:33,3
DA:37,8
DA:38,8
DA:41,8
DA:43,8
DA:44,1
DA:45,1
DA:46,1
DA:52,10
LF:20
LH:20
BRDA:10,0,0,0
BRDA:10,1,0,9
BRDA:10,2,0,9
BRDA:10,3,0,9
BRDA:33,4,0,2
BRDA:33,4,1,1
BRF:6
BRH:5
end_of_record
TN:
SF:/home/travis/build/zendeskgarden/react-containers/packages/selection/src/SelectionContainer.js
FN:13,SelectionContainer
FNF:1
FNH:1
FNDA:96,SelectionContainer
DA:14,96
DA:18,10
LF:2
LH:2
BRDA:13,0,0,96
BRF:1
BRH:1
end_of_record
TN:
SF:/home/travis/build/zendeskgarden/react-containers/packages/selection/src/useSelection.js
FN:16,stateReducer
FN:133,useSelection
FN:146,(anonymous_2)
FN:155,(anonymous_3)
FN:165,(anonymous_4)
FN:170,(anonymous_5)
FN:211,(anonymous_6)
FN:214,(anonymous_7)
FN:219,(anonymous_8)
FN:222,(anonymous_9)
FNF:10
FNH:10
FNDA:75,stateReducer
FNDA:134,useSelection
FNDA:75,(anonymous_2)
FNDA:115,(anonymous_3)
FNDA:119,(anonymous_4)
FNDA:423,(anonymous_5)
FNDA:12,(anonymous_6)
FNDA:1,(anonymous_7)
FNDA:17,(anonymous_8)
FNDA:20,(anonymous_9)
DA:17,75
DA:18,75
DA:20,75
DA:24,75
DA:26,24
DA:27,0
DA:29,0
DA:32,24
DA:35,6
DA:37,6
DA:38,0
DA:40,0
DA:43,6
DA:47,6
DA:49,6
DA:50,0
DA:52,0
DA:55,6
DA:58,1
DA:59,0
DA:61,0
DA:64,1
DA:67,1
DA:68,0
DA:70,0
DA:73,1
DA:76,34
DA:77,34
DA:79,34
DA:80,0
DA:81,0
DA:84,34
DA:85,0
DA:86,0
DA:89,34
DA:90,0
DA:93,34
DA:95,34
DA:96,34
DA:99,34
DA:100,34
DA:103,34
DA:106,2
DA:107,0
DA:109,0
DA:112,2
DA:115,1
DA:116,0
DA:118,0
DA:121,1
DA:124,0
DA:142,134
DA:143,134
DA:145,134
DA:147,75
DA:151,134
DA:152,134
DA:154,134
DA:156,115
DA:157,28
DA:159,28
DA:165,134
DA:170,134
DA:180,423
DA:181,8
DA:184,415
DA:185,8
DA:190,407
DA:191,407
DA:193,407
DA:195,407
DA:197,407
DA:203,407
DA:205,407
DA:207,407
DA:212,12
DA:215,1
DA:216,1
DA:220,17
DA:223,20
DA:227,6
DA:228,2
DA:230,4
DA:233,6
DA:234,14
DA:238,6
DA:239,2
DA:241,4
DA:244,6
DA:245,8
DA:246,1
DA:247,1
DA:248,7
DA:249,1
DA:250,1
DA:251,6
DA:252,2
DA:257,2
DA:264,134
LF:99
LH:79
BRDA:20,0,0,65
BRDA:20,0,1,10
BRDA:24,1,0,24
BRDA:24,1,1,6
BRDA:24,1,2,6
BRDA:24,1,3,1
BRDA:24,1,4,1
BRDA:24,1,5,34
BRDA:24,1,6,2
BRDA:24,1,7,1
BRDA:24,1,8,0
BRDA:26,2,0,0
BRDA:26,2,1,24
BRDA:37,3,0,0
BRDA:37,3,1,6
BRDA:49,4,0,0
BRDA:49,4,1,6
BRDA:58,5,0,0
BRDA:58,5,1,1
BRDA:67,6,0,0
BRDA:67,6,1,1
BRDA:79,7,0,0
BRDA:79,7,1,34
BRDA:84,8,0,0
BRDA:84,8,1,34
BRDA:89,9,0,0
BRDA:89,9,1,34
BRDA:89,10,0,34
BRDA:89,10,1,0
BRDA:95,11,0,34
BRDA:95,11,1,0
BRDA:99,12,0,34
BRDA:99,12,1,0
BRDA:106,13,0,0
BRDA:106,13,1,2
BRDA:115,14,0,0
BRDA:115,14,1,1
BRDA:133,15,0,0
BRDA:134,16,0,118
BRDA:135,17,0,133
BRDA:156,18,0,28
BRDA:156,18,1,87
BRDA:159,19,0,28
BRDA:159,19,1,28
BRDA:165,20,0,5
BRDA:165,21,0,96
BRDA:170,22,0,2
BRDA:171,23,0,402
BRDA:172,24,0,405
BRDA:180,25,0,8
BRDA:180,25,1,415
BRDA:184,26,0,8
BRDA:184,26,1,407
BRDA:195,27,0,323
BRDA:195,27,1,84
BRDA:197,28,0,117
BRDA:197,28,1,290
BRDA:197,29,0,407
BRDA:197,29,1,362
BRDA:197,29,2,306
BRDA:197,29,3,268
BRDA:203,30,0,407
BRDA:203,30,1,359
BRDA:205,31,0,407
BRDA:205,31,1,48
BRDA:215,32,0,1
BRDA:215,32,1,0
BRDA:223,33,0,6
BRDA:223,33,1,14
BRDA:224,34,0,20
BRDA:224,34,1,3
BRDA:224,34,2,18
BRDA:224,34,3,5
BRDA:227,35,0,2
BRDA:227,35,1,4
BRDA:234,36,0,6
BRDA:234,36,1,8
BRDA:235,37,0,14
BRDA:235,37,1,3
BRDA:235,37,2,12
BRDA:235,37,3,5
BRDA:238,38,0,2
BRDA:238,38,1,4
BRDA:245,39,0,1
BRDA:245,39,1,7
BRDA:248,40,0,1
BRDA:248,40,1,6
BRDA:251,41,0,2
BRDA:251,41,1,4
BRDA:251,42,0,6
BRDA:251,42,1,5
BRF:91
BRH:75
end_of_record
TN:
SF:/home/travis/build/zendeskgarden/react-containers/packages/selection/src/utils/ACTIONS.js
FNF:0
FNH:0
DA:8,10
LF:1
LH:1
BRF:0
BRH:0
end_of_record
TN:
SF:/home/travis/build/zendeskgarden/react-containers/packages/selection/src/utils/DIRECTIONS.js
FNF:0
FNH:0
DA:8,10
LF:1
LH:1
BRF:0
BRH:0
end_of_record
TN:
SF:/home/travis/build/zendeskgarden/react-containers/packages/selection/src/utils/KEY_CODES.js
FNF:0
FNH:0
DA:14,10
LF:1
LH:1
BRF:0
BRH:0
end_of_record
TN:
SF:/home/travis/build/zendeskgarden/react-containers/packages/selection/src/utils/composeEventHandlers.js
FN:24,composeEventHandlers
FN:25,(anonymous_1)
FN:26,(anonymous_2)
FNF:3
FNH:3
FNDA:1282,composeEventHandlers
FNDA:63,(anonymous_1)
FNDA:125,(anonymous_2)
DA:25,1282
DA:26,63
DA:27,125
DA:29,125
LF:4
LH:4
BRDA:27,0,0,125
BRDA:27,0,1,64
BRDA:29,1,0,125
BRDA:29,1,1,125
BRF:4
BRH:4
end_of_record
TN:
SF:/home/travis/build/zendeskgarden/react-containers/packages/selection/src/utils/getControlledValue.js
FN:11,getControlledValue
FNF:1
FNH:1
FNDA:420,getControlledValue
DA:12,420
DA:13,840
DA:14,72
DA:18,348
LF:4
LH:4
BRDA:13,0,0,72
BRDA:13,0,1,768
BRF:2
BRH:2
end_of_record
